<?xml version="1.0" encoding="UTF-8"?>
<testsuite xmlns:xsi="http://www.w3.org/2001/XMLSchema-instance" xsi:noNamespaceSchemaLocation="https://maven.apache.org/surefire/maven-surefire-plugin/xsd/surefire-test-report-3.0.xsd" version="3.0" name="runners.TestRunner" time="12.153" tests="11" errors="0" skipped="0" failures="0">
  <properties>
[...]
</properties>
  <testcase name="[1:6] POST /usuarios con datos válidos" classname="features/users/createUser" time="1.808">
    <system-out><![CDATA[10:27:50.806 [main] DEBUG com.intuit.karate.Suite - [config] classpath:karate-config.js
10:27:52.062 [main] DEBUG com.intuit.karate - request:
1 > POST https://serverest.dev/usuarios
1 > Content-Type: application/json; charset=UTF-8
1 > Content-Length: 115
1 > Host: serverest.dev
1 > Connection: Keep-Alive
1 > User-Agent: Apache-HttpClient/4.5.14 (Java/17.0.16)
1 > Accept-Encoding: gzip,deflate
{"nome":"create Automation","email":"create-1786202871806@teste.com","password":"Teste@123","administrador":"true"}

10:27:52.618 [main] DEBUG com.intuit.karate - response time in milliseconds: 553
1 < 201
1 < access-control-allow-origin: *
1 < x-dns-prefetch-control: off
1 < x-frame-options: SAMEORIGIN
1 < strict-transport-security: max-age=15552000; includeSubDomains
1 < x-download-options: noopen
1 < x-content-type-options: nosniff
1 < x-xss-protection: 1; mode=block
1 < content-type: application/json; charset=utf-8
1 < x-cloud-trace-context: dabb98d3d81afce6090fecc75ab63524
1 < date: Sat, 08 Aug 2026 15:27:52 GMT
1 < server: Google Frontend
1 < Content-Length: 82
{
    "message": "Cadastro realizado com sucesso",
    "_id": "htSUNChje40BbPyl"
}

]]></system-out>
  </testcase>
  <testcase name="[2:16] POST /usuarios rechaza un email inválido" classname="features/users/createUser" time="1.022">
    <system-out><![CDATA[10:27:52.690 [main] DEBUG com.intuit.karate - request:
1 > POST https://serverest.dev/usuarios
1 > Content-Type: application/json; charset=UTF-8
1 > Content-Length: 106
1 > Host: serverest.dev
1 > Connection: Keep-Alive
1 > User-Agent: Apache-HttpClient/4.5.14 (Java/17.0.16)
1 > Accept-Encoding: gzip,deflate
{"nome":"invalid-email Automation","email":"email.invalido","password":"Teste@123","administrador":"true"}

10:27:53.209 [main] DEBUG com.intuit.karate - response time in milliseconds: 517
1 < 400
1 < access-control-allow-origin: *
1 < x-dns-prefetch-control: off
1 < x-frame-options: SAMEORIGIN
1 < strict-transport-security: max-age=15552000; includeSubDomains
1 < x-download-options: noopen
1 < x-content-type-options: nosniff
1 < x-xss-protection: 1; mode=block
1 < content-type: application/json; charset=utf-8
1 < x-cloud-trace-context: e0a870e8ab1d27ce96f4bfe2d0371687
1 < date: Sat, 08 Aug 2026 15:27:53 GMT
1 < server: Google Frontend
1 < Content-Length: 50
{
    "email": "email deve ser um email válido"
}

---------------------------------------------------------
feature: classpath:features/users/createUser.feature
scenarios:  2 | passed:  2 | failed:  0 | time: 1.4026
---------------------------------------------------------

]]></system-out>
  </testcase>
  <testcase name="[1:6] DELETE /usuarios/{_id} elimina un usuario existente" classname="features/users/deleteUser" time="1.443">
    <system-out><![CDATA[10:27:53.680 [main] DEBUG com.intuit.karate - request:
1 > POST https://serverest.dev/usuarios
1 > Content-Type: application/json; charset=UTF-8
1 > Content-Length: 115
1 > Host: serverest.dev
1 > Connection: Keep-Alive
1 > User-Agent: Apache-HttpClient/4.5.14 (Java/17.0.16)
1 > Accept-Encoding: gzip,deflate
{"nome":"delete Automation","email":"delete-1786202873679@teste.com","password":"Teste@123","administrador":"true"}

10:27:54.098 [main] DEBUG com.intuit.karate - response time in milliseconds: 415
1 < 201
1 < access-control-allow-origin: *
1 < x-dns-prefetch-control: off
1 < x-frame-options: SAMEORIGIN
1 < strict-transport-security: max-age=15552000; includeSubDomains
1 < x-download-options: noopen
1 < x-content-type-options: nosniff
1 < x-xss-protection: 1; mode=block
1 < content-type: application/json; charset=utf-8
1 < x-cloud-trace-context: 99f2004c31556eac06c45bae2c5a2075
1 < date: Sat, 08 Aug 2026 15:27:53 GMT
1 < server: Google Frontend
1 < Content-Length: 82
{
    "message": "Cadastro realizado com sucesso",
    "_id": "jOYXLPMRnTUzOZ2D"
}

10:27:54.108 [main] DEBUG com.intuit.karate - request:
2 > DELETE https://serverest.dev/usuarios/jOYXLPMRnTUzOZ2D
2 > Host: serverest.dev
2 > Connection: Keep-Alive
2 > User-Agent: Apache-HttpClient/4.5.14 (Java/17.0.16)
2 > Accept-Encoding: gzip,deflate


10:27:54.640 [main] DEBUG com.intuit.karate - response time in milliseconds: 530
2 < 200
2 < access-control-allow-origin: *
2 < x-dns-prefetch-control: off
2 < x-frame-options: SAMEORIGIN
2 < strict-transport-security: max-age=15552000; includeSubDomains
2 < x-download-options: noopen
2 < x-content-type-options: nosniff
2 < x-xss-protection: 1; mode=block
2 < content-type: application/json; charset=utf-8
2 < x-cloud-trace-context: 2572440582900850172bcab1543b53b2
2 < date: Sat, 08 Aug 2026 15:27:54 GMT
2 < server: Google Frontend
2 < Content-Length: 51
{
    "message": "Registro excluído com sucesso"
}

10:27:54.643 [main] DEBUG com.intuit.karate - request:
3 > GET https://serverest.dev/usuarios/jOYXLPMRnTUzOZ2D
3 > Host: serverest.dev
3 > Connection: Keep-Alive
3 > User-Agent: Apache-HttpClient/4.5.14 (Java/17.0.16)
3 > Accept-Encoding: gzip,deflate


10:27:55.047 [main] DEBUG com.intuit.karate - response time in milliseconds: 403
3 < 400
3 < access-control-allow-origin: *
3 < x-dns-prefetch-control: off
3 < x-frame-options: SAMEORIGIN
3 < strict-transport-security: max-age=15552000; includeSubDomains
3 < x-download-options: noopen
3 < x-content-type-options: nosniff
3 < x-xss-protection: 1; mode=block
3 < content-type: application/json; charset=utf-8
3 < x-cloud-trace-context: 7a1a2b58d78a8cb7d18efabf6838c00d
3 < date: Sat, 08 Aug 2026 15:27:54 GMT
3 < server: Google Frontend
3 < Content-Length: 45
{
    "message": "Usuário não encontrado"
}

---------------------------------------------------------
feature: classpath:features/users/deleteUser.feature
scenarios:  1 | passed:  1 | failed:  0 | time: 1.3707
---------------------------------------------------------

]]></system-out>
  </testcase>
  <testcase name="[1:6] GET /usuarios/{_id} devuelve un usuario existente" classname="features/users/getUserById" time="0.932">
    <system-out><![CDATA[10:27:55.123 [main] DEBUG com.intuit.karate - request:
1 > POST https://serverest.dev/usuarios
1 > Content-Type: application/json; charset=UTF-8
1 > Content-Length: 111
1 > Host: serverest.dev
1 > Connection: Keep-Alive
1 > User-Agent: Apache-HttpClient/4.5.14 (Java/17.0.16)
1 > Accept-Encoding: gzip,deflate
{"nome":"read Automation","email":"read-1786202875121@teste.com","password":"Teste@123","administrador":"true"}

10:27:55.534 [main] DEBUG com.intuit.karate - response time in milliseconds: 410
1 < 201
1 < access-control-allow-origin: *
1 < x-dns-prefetch-control: off
1 < x-frame-options: SAMEORIGIN
1 < strict-transport-security: max-age=15552000; includeSubDomains
1 < x-download-options: noopen
1 < x-content-type-options: nosniff
1 < x-xss-protection: 1; mode=block
1 < content-type: application/json; charset=utf-8
1 < x-cloud-trace-context: 2438e572efad18c2f8ae4c7e280035c6
1 < date: Sat, 08 Aug 2026 15:27:55 GMT
1 < server: Google Frontend
1 < Content-Length: 82
{
    "message": "Cadastro realizado com sucesso",
    "_id": "XcYCaKKmtzJUX31h"
}

10:27:55.536 [main] DEBUG com.intuit.karate - request:
2 > GET https://serverest.dev/usuarios/XcYCaKKmtzJUX31h
2 > Host: serverest.dev
2 > Connection: Keep-Alive
2 > User-Agent: Apache-HttpClient/4.5.14 (Java/17.0.16)
2 > Accept-Encoding: gzip,deflate


10:27:55.960 [main] DEBUG com.intuit.karate - response time in milliseconds: 422
2 < 200
2 < access-control-allow-origin: *
2 < x-dns-prefetch-control: off
2 < x-frame-options: SAMEORIGIN
2 < strict-transport-security: max-age=15552000; includeSubDomains
2 < x-download-options: noopen
2 < x-content-type-options: nosniff
2 < x-xss-protection: 1; mode=block
2 < content-type: application/json; charset=utf-8
2 < x-cloud-trace-context: 7741eaa31cc8db10777af3793ca2b333
2 < date: Sat, 08 Aug 2026 15:27:55 GMT
2 < server: Google Frontend
2 < Content-Length: 167
{
    "nome": "read Automation",
    "email": "read-1786202875121@teste.com",
    "password": "Teste@123",
    "administrador": "true",
    "_id": "XcYCaKKmtzJUX31h"
}

---------------------------------------------------------
feature: classpath:features/users/getUserById.feature
scenarios:  1 | passed:  1 | failed:  0 | time: 0.8441
---------------------------------------------------------

]]></system-out>
  </testcase>
  <testcase name="[1:6] GET /usuarios devuelve la colección y la estructura esperada" classname="features/users/listUsers" time="0.777">
    <system-out><![CDATA[10:27:56.057 [main] DEBUG com.intuit.karate - request:
1 > GET https://serverest.dev/usuarios
1 > Host: serverest.dev
1 > Connection: Keep-Alive
1 > User-Agent: Apache-HttpClient/4.5.14 (Java/17.0.16)
1 > Accept-Encoding: gzip,deflate


10:27:56.714 [main] DEBUG com.intuit.karate - response time in milliseconds: 656
1 < 200
1 < access-control-allow-origin: *
1 < x-dns-prefetch-control: off
1 < x-frame-options: SAMEORIGIN
1 < strict-transport-security: max-age=15552000; includeSubDomains
1 < x-download-options: noopen
1 < x-content-type-options: nosniff
1 < x-xss-protection: 1; mode=block
1 < content-type: application/json; charset=utf-8
1 < x-cloud-trace-context: e8ab0910e94b2b3c4f3ba537dcd066ca
1 < date: Sat, 08 Aug 2026 15:27:56 GMT
1 < server: Google Frontend
1 < Content-Length: 167697
{
    "quantidade": 688,
    "usuarios": [
        {
            "nome": "k6 Load User 11_1_1786199433045",
            "email": "k6_11_1_1786199433045@teste.com",
            "password": "Teste@123",
            "administrador": "false",
            "_id": "04Vz7RGs0Bu77I4d"
        },
        {
            "nome": "crud Automation",
            "email": "crud-1786201801496@teste.com",
            "password": "Teste@123",
            "administrador": "true",
            "_id": "04pOUa2vFN5GsGFb"
        },
        {
            "nome": "k6 Load User 3_1_1786199425608",
            "email": "k6_3_1_1786199425608@teste.com",
            "password": "Teste@123",
            "administrador": "false",
            "_id": "07t3NdlP047jtv7V"
        },
        {
            "nome": "k6 Load User 9_18_1786199444429",
            "email": "k6_9_18_1786199444429@teste.com",
            "password": "Teste@123",
            "administrador": "false",
            "_id": "0RQhHa0L9rQETidx"
        },
        {
            "nome": "k6 Load User 11_7_1786199439318",
            "email": "k6_11_7_1786199439318@teste.com",
            "password": "Teste@123",
            "administrador": "false",
            "_id": "0YoE9WeUO5Nljuf7"
        },
        {
            "nome": "k6 Load User 14_23_1786199461994",
            "email": "k6_14_23_1786199461994@teste.com",
            "password": "Teste@123",
            "administrador": "false",
            "_id": "0fIJkfdeQMA3LmYg"
        },
        {
            "nome": "k6 Load User 17_0_1786199452976",
            "email": "k6_17_0_1786199452976@teste.com",
            "password": "Teste@123",
            "administrador": "false",
            "_id": "0loOu8UoSUtfEEi4"
        },
        {
            "nome": "k6 Load User 1_47_1786199468076",
            "email": "k6_1_47_1786199468076@teste.com",
            "password": "Teste@123",
            "administrador": "false",
            "_id": "0nJFdxH2iilyMUF1"
        },
        {
            "nome": "k6 Load User 8_14_1786199442480",
            "email": "k6_8_14_1786199442480@teste.com",
            "password": "Teste@123",
            "administrador": "false",
            "_id": "0oFSbpLEsKedgrNm"
        },
        {
            "nome": "k6 Load User 13_6_1786199447257",
            "email": "k6_13_6_1786199447257@teste.com",
            "password": "Teste@123",
            "administrador": "false",
            "_id": "0sHkqWKc87HN8LJ2"
        },
        {
            "nome": "Fulano da Silva",
            "email": "fulano@qa.com",
            "password": "teste",
            "administrador": "true",
            "_id": "0uxuPY0cbmQhpEz1"
        },
        {
            "nome": "k6 Load User 1_41_1786199461825",
            "email": "k6_1_41_1786199461825@teste.com",
            "password": "Teste@123",
            "administrador": "false",
            "_id": "0wMIoPJ3xw5XWFKx"
        },
        {
            "nome": "k6 Load User 8_34_1786199463349",
            "email": "k6_8_34_1786199463349@teste.com",
            "password": "Teste@123",
            "administrador": "false",
            "_id": "0yd0c5kntuvGx0Qa"
        },
        {
            "nome": "k6 Load User 4_36_1786199458826",
            "email": "k6_4_36_1786199458826@teste.com",
            "password": "Teste@123",
            "administrador": "false",
            "_id": "1AUMvNPj1jweLwVR"
        },
        {
            "nome": "k6 Load User 12_25_1786199455095",
            "email": "k6_12_25_1786199455095@teste.com",
            "password": "Teste@123",
            "administrador": "false",
            "_id": "1GGy1fsPh0SDNFpI"
        },
        {
            "nome": "k6 Load User 12_9_1786199438404",
            "email": "k6_12_9_1786199438404@teste.com",
            "password": "Teste@123",
            "administrador": "false",
            "_id": "1HeR5vd1qx6YWwXz"
        },
        {
            "nome": "k6 Load User 7_1_1786202873515",
            "email": "k6_7_1_1786202873515@teste.com",
            "password": "Teste@123",
            "administrador": "false",
            "_id": "1L05IA3WqlEIjJEy"
        },
        {
            "nome": "k6 Load User 3_21_1786199446513",
            "email": "k6_3_21_1786199446513@teste.com",
            "password": "Teste@123",
            "administrador": "false",
            "_id": "1Nkt47He7JbPF9XQ"
        },
        {
            "nome": "k6 Load User 6_6_1786199441273",
            "email": "k6_6_6_1786199441273@teste.com",
            "password": "Teste@123",
            "administrador": "false",
            "_id": "1e2QJ9R81zHExYX8"
        },
        {
            "nome": "k6 Load User 8_10_1786199438302",
            "email": "k6_8_10_1786199438302@teste.com",
            "password": "Teste@123",
            "administrador": "false",
            "_id": "1gToFezK97s7htCT"
        },
        {
            "nome": "k6 Load User 2_21_1786199442037",
            "email": "k6_2_21_1786199442037@teste.com",
            "password": "Teste@123",
            "administrador": "false",
            "_id": "1gwOI94JXWnVpefm"
        },
        {
            "nome": "k6 Load User 6_1_1786199436046",
            "email": "k6_6_1_1786199436046@teste.com",
            "password": "Teste@123",
            "administrador": "false",
            "_id": "1gzaXyJh1KBkjYNV"
        },
        {
            "nome": "k6 Load User 4_11_1786199432734",
            "email": "k6_4_11_1786199432734@teste.com",
            "password": "Teste@123",
            "administrador": "false",
            "_id": "1h93LAThh2w6OYRM"
        },
        {
            "nome": "k6 Load User 13_10_1786199451427",
            "email": "k6_13_10_1786199451427@teste.com",
            "password": "Teste@123",
            "administrador": "false",
            "_id": "1kYRJNWv5z1FFiuE"
        },
        {
            "nome": "k6 Load User 6_11_1786199446491",
            "email": "k6_6_11_1786199446491@teste.com",
            "password": "Teste@123",
            "administrador": "false",
            "_id": "1p7Dt6X1XosNLYTy"
        },
        {
            "nome": "k6 Load User 5_40_1786199465151",
            "email": "k6_5_40_1786199465151@teste.com",
            "password": "Teste@123",
            "administrador": "false",
            "_id": "1pFMp2tMMQOVsF0U"
        },
        {
            "nome": "k6 Load User 4_26_1786199448393",
            "email": "k6_4_26_1786199448393@teste.com",
            "password": "Teste@123",
            "administrador": "false",
            "_id": "1r4JGEeVyAJCkRKo"
        },
        {
            "nome": "k6 Load User 9_38_1786199465280",
            "email": "k6_9_38_1786199465280@teste.com",
            "password": "Teste@123",
            "administrador": "false",
            "_id": "2BPvqb26GpNqqH4s"
        },
        {
            "nome": "k6 Load User 8_13_1786199441436",
            "email": "k6_8_13_1786199441436@teste.com",
            "password": "Teste@123",
            "administrador": "false",
            "_id": "2Gr2EASMAWleDRc9"
        },
        {
            "nome": "k6 Load User 7_15_1786199437988",
            "email": "k6_7_15_1786199437988@teste.com",
            "password": "Teste@123",
            "administrador": "false",
            "_id": "2NR7p80WZ5FAkZWp"
        },
        {
            "nome": "k6 Load User 7_37_1786199460977",
            "email": "k6_7_37_1786199460977@teste.com",
            "password": "Teste@123",
            "administrador": "false",
            "_id": "2Op0UoGKuTWn0E6z"
        },
        {
            "nome": "k6 Load User 3_13_1786199438153",
            "email": "k6_3_13_1786199438153@teste.com",
            "password": "Teste@123",
            "administrador": "false",
            "_id": "2WPIEVb7zUoE4D0a"
        },
        {
            "nome": "k6 Load User 16_4_1786199451185",
            "email": "k6_16_4_1786199451185@teste.com",
            "password": "Teste@123",
            "administrador": "false",
            "_id": "2bCzjEAXXIY3KOgj"
        },
        {
            "nome": "k6 Load User 11_6_1786199438277",
            "email": "k6_11_6_1786199438277@teste.com",
            "password": "Teste@123",
            "administrador": "false",
            "_id": "2ohwh5wzatvaZHcZ"
        },
        {
            "nome": "k6 Load User 1_2_1786199421092",
            "email": "k6_1_2_1786199421092@teste.com",
            "password": "Teste@123",
            "administrador": "false",
            "_id": "3CHpFHFIYSPok43c"
        },
        {
            "nome": "k6 Load User 1_18_1786199437805",
            "email": "k6_1_18_1786199437805@teste.com",
            "password": "Teste@123",
            "administrador": "false",
            "_id": "3FuWFCzxwyZztoZ7"
        },
        {
            "nome": "k6 Load User 1_36_1786199456568",
            "email": "k6_1_36_1786199456568@teste.com",
            "password": "Teste@123",
            "administrador": "false",
            "_id": "3L24x6TkL5SIvhJ8"
        },
        {
            "nome": "k6 Load User 9_9_1786199435066",
            "email": "k6_9_9_1786199435066@teste.com",
            "password": "Teste@123",
            "administrador": "false",
            "_id": "3VNYaL8pak0Fmlzo"
        },
        {
            "nome": "k6 Load User 1_29_1786199449270",
            "email": "k6_1_29_1786199449270@teste.com",
            "password": "Teste@123",
            "administrador": "false",
            "_id": "3Zn7PUhq75eZTU14"
        },
        {
            "nome": "k6 Load User 7_16_1786199439027",
            "email": "k6_7_16_1786199439027@teste.com",
            "password": "Teste@123",
            "administrador": "false",
            "_id": "3bTiJYnR3A3lKlaA"
        },
        {
            "nome": "Usuario Actualizado",
            "password": "NovaSenha@123",
            "administrador": "false",
            "email": "update-1786201874960@teste.com",
            "_id": "3jisJwmXweLfmYEN"
        },
        {
            "nome": "k6 Load User 5_33_1786199457836",
            "email": "k6_5_33_1786199457836@teste.com",
            "password": "Teste@123",
            "administrador": "false",
            "_id": "3p18rcjof7gdXCsy"
        },
        {
            "nome": "k6 Load User 9_26_1786199452773",
            "email": "k6_9_26_1786199452773@teste.com",
            "password": "Teste@123",
            "administrador": "false",
            "_id": "3qyZxIrLmwm3SQv1"
        },
        {
            "nome": "k6 Load User 5_21_1786199445314",
            "email": "k6_5_21_1786199445314@teste.com",
            "password": "Teste@123",
            "administrador": "false",
            "_id": "3rFfcgZXXHwGdW5A"
        },
        {
            "nome": "k6 Load User 4_13_1786199434821",
            "email": "k6_4_13_1786199434821@teste.com",
            "password": "Teste@123",
            "administrador": "false",
            "_id": "3tBP5eny56XH4JJC"
        },
        {
            "nome": "k6 Load User 12_29_1786199459281",
            "email": "k6_12_29_1786199459281@teste.com",
            "password": "Teste@123",
            "administrador": "false",
            "_id": "3wufC34Q6vPqBVAY"
        },
        {
            "nome": "k6 Load User 13_5_1786199446212",
            "email": "k6_13_5_1786199446212@teste.com",
            "password": "Teste@123",
            "administrador": "false",
            "_id": "3xEyNy4lsyh66quR"
        },
        {
            "nome": "k6 Load User 9_1_1786202870176",
            "email": "k6_9_1_1786202870176@teste.com",
            "password": "Teste@123",
            "administrador": "false",
            "_id": "3zDLR2mDzHKD9oWu"
        },
        {
            "nome": "k6 Load User 6_13_1786199448580",
            "email": "k6_6_13_1786199448580@teste.com",
            "password": "Teste@123",
            "administrador": "false",
            "_id": "4FlSR3ZVvmHPyfG7"
        },
        {
            "nome": "k6 Load User 9_2_1786202871267",
            "email": "k6_9_2_1786202871267@teste.com",
            "password": "Teste@123",
            "administrador": "false",
            "_id": "4Jq1rBfwBZWkzVDa"
        },
        {
            "nome": "k6 Load User 1_44_1786199464951",
            "email": "k6_1_44_1786199464951@teste.com",
            "password": "Teste@123",
            "administrador": "false",
            "_id": "4OxjpfqOA0Rv8L5t"
        },
        {
            "nome": "k6 Load User 5_5_1786202873374",
            "email": "k6_5_5_1786202873374@teste.com",
            "password": "Teste@123",
            "administrador": "false",
            "_id": "4RgIQqqzMv6zUSms"
        },
        {
            "nome": "k6 Load User 1_6_1786199425274",
            "email": "k6_1_6_1786199425274@teste.com",
            "password": "Teste@123",
            "administrador": "false",
            "_id": "4TMXYyx71hJ5GJmq"
        },
        {
            "nome": "k6 Load User 12_31_1786199461363",
            "email": "k6_12_31_1786199461363@teste.com",
            "password": "Teste@123",
            "administrador": "false",
            "_id": "4VgDCur8h8hC5Hln"
        },
        {
            "nome": "k6 Load User 16_9_1786199456415",
            "email": "k6_16_9_1786199456415@teste.com",
            "password": "Teste@123",
            "administrador": "false",
            "_id": "4Wl3lXCyT0Io1fne"
        },
        {
            "nome": "k6 Load User 9_1_1786199426718",
            "email": "k6_9_1_1786199426718@teste.com",
            "password": "Teste@123",
            "administrador": "false",
            "_id": "4b1d1KgCZSVQ3KW6"
        },
        {
            "nome": "k6 Load User 4_40_1786199463010",
            "email": "k6_4_40_1786199463010@teste.com",
            "password": "Teste@123",
            "administrador": "false",
            "_id": "4gvcH22Fq3F9LLAM"
        },
        {
            "nome": "k6 Load User 2_26_1786199447252",
            "email": "k6_2_26_1786199447252@teste.com",
            "password": "Teste@123",
            "administrador": "false",
            "_id": "4kWobNriGbImJZxb"
        },
        {
            "nome": "k6 Load User 10_16_1786199443496",
            "email": "k6_10_16_1786199443496@teste.com",
            "password": "Teste@123",
            "administrador": "false",
            "_id": "51iKrwrpUB9fF1O6"
        },
        {
            "nome": "k6 Load User 14_16_1786199454694",
            "email": "k6_14_16_1786199454694@teste.com",
            "password": "Teste@123",
            "administrador": "false",
            "_id": "57k9H32oOOGPdtgz"
        },
        {
            "nome": "k6 Load User 11_27_1786199460206",
            "email": "k6_11_27_1786199460206@teste.com",
            "password": "Teste@123",
            "administrador": "false",
            "_id": "59P8z87XlBNT41qA"
        },
        {
            "nome": "k6 Load User 3_18_1786199443369",
            "email": "k6_3_18_1786199443369@teste.com",
            "password": "Teste@123",
            "administrador": "false",
            "_id": "59w05DDxURq2ef7M"
        },
        {
            "nome": "k6 Load User 10_1_1786202874612",
            "email": "k6_10_1_1786202874612@teste.com",
            "password": "Teste@123",
            "administrador": "false",
            "_id": "5B0GJsmvmYFcgh5I"
        },
        {
            "nome": "k6 Load User 5_19_1786199443234",
            "email": "k6_5_19_1786199443234@teste.com",
            "password": "Teste@123",
            "administrador": "false",
            "_id": "5CaX9F2mb5eCzUU4"
        },
        {
            "nome": "k6 Load User 7_38_1786199462017",
            "email": "k6_7_38_1786199462017@teste.com",
            "password": "Teste@123",
            "administrador": "false",
            "_id": "5FqQWpTXSNM7RTrz"
        },
        {
            "nome": "k6 Load User 2_1_1786199421165",
            "email": "k6_2_1_1786199421165@teste.com",
            "password": "Teste@123",
            "administrador": "false",
            "_id": "5JFChmXdfduWZ5Gk"
        },
        {
            "nome": "k6 Load User 4_5_1786199426448",
            "email": "k6_4_5_1786199426448@teste.com",
            "password": "Teste@123",
            "administrador": "false",
            "_id": "5NUBm0WGZk1QyegA"
        },
        {
            "nome": "k6 Load User 2_7_1786199427427",
            "email": "k6_2_7_1786199427427@teste.com",
            "password": "Teste@123",
            "administrador": "false",
            "_id": "5bz1qUgxkfU3q8W1"
        },
        {
            "nome": "k6 Load User 18_2_1786199452097",
            "email": "k6_18_2_1786199452097@teste.com",
            "password": "Teste@123",
            "administrador": "false",
            "_id": "5ddUarkGsfOdsF4r"
        },
        {
            "nome": "k6 Load User 18_8_1786199458366",
            "email": "k6_18_8_1786199458366@teste.com",
            "password": "Teste@123",
            "administrador": "false",
            "_id": "5o84FSqhyDFmIVYW"
        },
        {
            "nome": "k6 Load User 12_10_1786199439449",
            "email": "k6_12_10_1786199439449@teste.com",
            "password": "Teste@123",
            "administrador": "false",
            "_id": "5p2B4luVcpxfyq9M"
        },
        {
            "nome": "k6 Load User 2_24_1786199445166",
            "email": "k6_2_24_1786199445166@teste.com",
            "password": "Teste@123",
            "administrador": "false",
            "_id": "5x9rgjkKwWSlO7JY"
        },
        {
            "nome": "k6 Load User 3_40_1786199466358",
            "email": "k6_3_40_1786199466358@teste.com",
            "password": "Teste@123",
            "administrador": "false",
            "_id": "68Gcwtoo8UjQJ0UK"
        },
        {
            "nome": "k6 Load User 11_5_1786199437227",
            "email": "k6_11_5_1786199437227@teste.com",
            "password": "Teste@123",
            "administrador": "false",
            "_id": "6Ee9NYez79vTRI9e"
        },
        {
            "nome": "k6 Load User 16_13_1786199460577",
            "email": "k6_16_13_1786199460577@teste.com",
            "password": "Teste@123",
            "administrador": "false",
            "_id": "6GXhdEym9wiwjVMJ"
        },
        {
            "nome": "read Automation",
            "email": "read-1786202766967@teste.com",
            "password": "Teste@123",
            "administrador": "true",
            "_id": "6HwpFJzsQrgAGMXJ"
        },
        {
            "nome": "k6 Load User 5_10_1786199433865",
            "email": "k6_5_10_1786199433865@teste.com",
            "password": "Teste@123",
            "administrador": "false",
            "_id": "6NuQpP8iO4alIBUR"
        },
        {
            "nome": "Usuario Actualizado",
            "password": "NovaSenha@123",
            "administrador": "false",
            "email": "update-1786202820487@teste.com",
            "_id": "6OAPDbvX75dT9qbP"
        },
        {
            "nome": "byid Automation",
            "email": "byid-1786201764043@teste.com",
            "password": "Teste@123",
            "administrador": "true",
            "_id": "6UfCa6S8Rj1Wu7AB"
        },
        {
            "nome": "k6 Load User 15_13_1786199457568",
            "email": "k6_15_13_1786199457568@teste.com",
            "password": "Teste@123",
            "administrador": "false",
            "_id": "6kfUPzdxasFWZfDD"
        },
        {
            "nome": "k6 Load User 5_2_1786202870149",
            "email": "k6_5_2_1786202870149@teste.com",
            "password": "Teste@123",
            "administrador": "false",
            "_id": "6mJxNRRRmxKfRaMz"
        },
        {
            "nome": "crud Automation",
            "email": "crud-1786201763468@teste.com",
            "password": "Teste@123",
            "administrador": "true",
            "_id": "6ngxQR7HIYnARiG3"
        },
        {
            "nome": "k6 Load User 7_35_1786199458878",
            "email": "k6_7_35_1786199458878@teste.com",
            "password": "Teste@123",
            "administrador": "false",
            "_id": "6nknJniFvOc1g6Nr"
        },
        {
            "nome": "k6 Load User 7_14_1786199436947",
            "email": "k6_7_14_1786199436947@teste.com",
            "password": "Teste@123",
            "administrador": "false",
            "_id": "6q1mYP8Htph8Xbwj"
        },
        {
            "nome": "k6 Load User 7_26_1786199449467",
            "email": "k6_7_26_1786199449467@teste.com",
            "password": "Teste@123",
            "administrador": "false",
            "_id": "6yQiub3bLJOXkNwd"
        },
        {
            "nome": "k6 Load User 10_19_1786199446626",
            "email": "k6_10_19_1786199446626@teste.com",
            "password": "Teste@123",
            "administrador": "false",
            "_id": "77myIYwMhfWfOH1h"
        },
        {
            "nome": "k6 Load User 1_27_1786199447190",
            "email": "k6_1_27_1786199447190@teste.com",
            "password": "Teste@123",
            "administrador": "false",
            "_id": "7CNNOg33uANPfjvE"
        },
        {
            "nome": "k6 Load User 14_1_1786199439052",
            "email": "k6_14_1_1786199439052@teste.com",
            "password": "Teste@123",
            "administrador": "false",
            "_id": "7GTFkSxseNmNXxvs"
        },
        {
            "nome": "k6 Load User 3_20_1786199445456",
            "email": "k6_3_20_1786199445456@teste.com",
            "password": "Teste@123",
            "administrador": "false",
            "_id": "7Wpp5NjDmZJtcyuA"
        },
        {
            "nome": "k6 Load User 10_4_1786199430971",
            "email": "k6_10_4_1786199430971@teste.com",
            "password": "Teste@123",
            "administrador": "false",
            "_id": "7Y7PC2n1wB8cxWYY"
        },
        {
            "nome": "k6 Load User 3_23_1786199448603",
            "email": "k6_3_23_1786199448603@teste.com",
            "password": "Teste@123",
            "administrador": "false",
            "_id": "7aeRDlL1WpteqBuO"
        },
        {
            "nome": "k6 Load User 8_2_1786199429965",
            "email": "k6_8_2_1786199429965@teste.com",
            "password": "Teste@123",
            "administrador": "false",
            "_id": "7c3oo9Ps437biYpJ"
        },
        {
            "nome": "k6 Load User 2_35_1786199456658",
            "email": "k6_2_35_1786199456658@teste.com",
            "password": "Teste@123",
            "administrador": "false",
            "_id": "7o0VNIaBB02Xcytj"
        },
        {
            "nome": "k6 Load User 8_20_1786199448745",
            "email": "k6_8_20_1786199448745@teste.com",
            "password": "Teste@123",
            "administrador": "false",
            "_id": "7uaDd4HYRNszljGd"
        },
        {
            "nome": "k6 Load User 2_4_1786202870052",
            "email": "k6_2_4_1786202870052@teste.com",
            "password": "Teste@123",
            "administrador": "false",
            "_id": "7w74LNJkUUtWrmCx"
        },
        {
            "nome": "k6 Load User 9_37_1786199464238",
            "email": "k6_9_37_1786199464238@teste.com",
            "password": "Teste@123",
            "administrador": "false",
            "_id": "7yvLV8s1Nz3S4u5D"
        },
        {
            "nome": "k6 Load User 14_12_1786199450515",
            "email": "k6_14_12_1786199450515@teste.com",
            "password": "Teste@123",
            "administrador": "false",
            "_id": "817cX7Uv8b6Vwqqa"
        },
        {
            "nome": "k6 Load User 6_9_1786199444400",
            "email": "k6_6_9_1786199444400@teste.com",
            "password": "Teste@123",
            "administrador": "false",
            "_id": "84qcEzjYE8SiMGRf"
        },
        {
            "nome": "k6 Load User 8_35_1786199464393",
            "email": "k6_8_35_1786199464393@teste.com",
            "password": "Teste@123",
            "administrador": "false",
            "_id": "8F5pUbxJhznYQxvi"
        },
        {
            "nome": "k6 Load User 12_1_1786199430048",
            "email": "k6_12_1_1786199430048@teste.com",
            "password": "Teste@123",
            "administrador": "false",
            "_id": "8GW86earY3EJlJq2"
        },
        {
            "nome": "k6 Load User 13_11_1786199452476",
            "email": "k6_13_11_1786199452476@teste.com",
            "password": "Teste@123",
            "administrador": "false",
            "_id": "8M6ibJ4KRMvTy45x"
        },
        {
            "nome": "put Automation",
            "email": "put-1786201844161@teste.com",
            "password": "Teste@123",
            "administrador": "true",
            "_id": "8NNoD4YUHSPAsRmV"
        },
        {
            "nome": "k6 Load User 8_25_1786199453961",
            "email": "k6_8_25_1786199453961@teste.com",
            "password": "Teste@123",
            "administrador": "false",
            "_id": "8QdO0VVm6uibN0mF"
        },
        {
            "nome": "k6 Load User 12_27_1786199457182",
            "email": "k6_12_27_1786199457182@teste.com",
            "password": "Teste@123",
            "administrador": "false",
            "_id": "8QdocJC8SgZj7CCu"
        },
        {
            "nome": "k6 Load User 3_1_1786202871286",
            "email": "k6_3_1_1786202871286@teste.com",
            "password": "Teste@123",
            "administrador": "false",
            "_id": "8T7YR0wvj3iBMwtw"
        },
        {
            "nome": "k6 Load User 8_9_1786199437256",
            "email": "k6_8_9_1786199437256@teste.com",
            "password": "Teste@123",
            "administrador": "false",
            "_id": "8W4HimRgfyyxsHRk"
        },
        {
            "nome": "k6 Load User 2_1_1786202866834",
            "email": "k6_2_1_1786202866834@teste.com",
            "password": "Teste@123",
            "administrador": "false",
            "_id": "8Wrun38JlylzQWRl"
        },
        {
            "nome": "k6 Load User 3_6_1786199430842",
            "email": "k6_3_6_1786199430842@teste.com",
            "password": "Teste@123",
            "administrador": "false",
            "_id": "8bhLLpj3agu4rI0V"
        },
        {
            "nome": "k6 Load User 2_19_1786199439956",
            "email": "k6_2_19_1786199439956@teste.com",
            "password": "Teste@123",
            "administrador": "false",
            "_id": "8gbktD08W4qkQkUD"
        },
        {
            "nome": "k6 Load User 7_30_1786199453648",
            "email": "k6_7_30_1786199453648@teste.com",
            "password": "Teste@123",
            "administrador": "false",
            "_id": "8kRN8kfX8QF59erT"
        },
        {
            "nome": "k6 Load User 10_24_1786199451841",
            "email": "k6_10_24_1786199451841@teste.com",
            "password": "Teste@123",
            "administrador": "false",
            "_id": "8pFWFFVuuzrPllsE"
        },
        {
            "nome": "k6 Load User 9_28_1786199454852",
            "email": "k6_9_28_1786199454852@teste.com",
            "password": "Teste@123",
            "administrador": "false",
            "_id": "8xAbCIn0U5klaJRM"
        },
        {
            "nome": "k6 Load User 9_23_1786199449645",
            "email": "k6_9_23_1786199449645@teste.com",
            "password": "Teste@123",
            "administrador": "false",
            "_id": "97YWXONq2w6Ytbun"
        },
        {
            "nome": "k6 Load User 6_23_1786199459011",
            "email": "k6_6_23_1786199459011@teste.com",
            "password": "Teste@123",
            "administrador": "false",
            "_id": "9BdARG9Wl8pepzuS"
        },
        {
            "nome": "k6 Load User 9_7_1786199432985",
            "email": "k6_9_7_1786199432985@teste.com",
            "password": "Teste@123",
            "administrador": "false",
            "_id": "9FNQULGGTvBZWwnn"
        },
        {
            "nome": "k6 Load User 1_30_1786199450311",
            "email": "k6_1_30_1786199450311@teste.com",
            "password": "Teste@123",
            "administrador": "false",
            "_id": "9KSL3aYgXVW2blzA"
        },
        {
            "nome": "k6 Load User 19_1_1786199457044",
            "email": "k6_19_1_1786199457044@teste.com",
            "password": "Teste@123",
            "administrador": "false",
            "_id": "9UUb3eMhzXpCBLo9"
        },
        {
            "nome": "k6 Load User 4_10_1786199431683",
            "email": "k6_4_10_1786199431683@teste.com",
            "password": "Teste@123",
            "administrador": "false",
            "_id": "9Uxb1fKk6ecwzDS4"
        },
        {
            "nome": "k6 Load User 10_0_1786202873520",
            "email": "k6_10_0_1786202873520@teste.com",
            "password": "Teste@123",
            "administrador": "false",
            "_id": "9VdETjJqWlylavBp"
        },
        {
            "nome": "k6 Load User 9_4_1786199429847",
            "email": "k6_9_4_1786199429847@teste.com",
            "password": "Teste@123",
            "administrador": "false",
            "_id": "9W1tIZ3amJ1Dx0qO"
        },
        {
            "nome": "k6 Load User 4_9_1786202873227",
            "email": "k6_4_9_1786202873227@teste.com",
            "password": "Teste@123",
            "administrador": "false",
            "_id": "9dBBNF66MFLjAyhR"
        },
        {
            "nome": "k6 Load User 4_4_1786202867848",
            "email": "k6_4_4_1786202867848@teste.com",
            "password": "Teste@123",
            "administrador": "false",
            "_id": "9dPAjnTwzUTvvfBD"
        },
        {
            "nome": "k6 Load User 18_5_1786199455240",
            "email": "k6_18_5_1786199455240@teste.com",
            "password": "Teste@123",
            "administrador": "false",
            "_id": "9hlBj1po3RIcDhCX"
        },
        {
            "nome": "k6 Load User 4_1_1786202864624",
            "email": "k6_4_1_1786202864624@teste.com",
            "password": "Teste@123",
            "administrador": "false",
            "_id": "9hlEpuV6zxqFjVEP"
        },
        {
            "nome": "k6 Load User 7_1_1786199423381",
            "email": "k6_7_1_1786199423381@teste.com",
            "password": "Teste@123",
            "administrador": "false",
            "_id": "9iH3un6OvTZfTXP9"
        },
        {
            "nome": "k6 Load User 14_7_1786199445292",
            "email": "k6_14_7_1786199445292@teste.com",
            "password": "Teste@123",
            "administrador": "false",
            "_id": "9jtgfUlPqBGfM6gC"
        },
        {
            "nome": "k6 Load User 4_0_1786202863520",
            "email": "k6_4_0_1786202863520@teste.com",
            "password": "Teste@123",
            "administrador": "false",
            "_id": "9nNu2AvrzgyANd9r"
        },
        {
            "nome": "k6 Load User 2_44_1786199466050",
            "email": "k6_2_44_1786199466050@teste.com",
            "password": "Teste@123",
            "administrador": "false",
            "_id": "9u4xpWoGVjm5vXn1"
        },
        {
            "nome": "k6 Load User 11_20_1786199452896",
            "email": "k6_11_20_1786199452896@teste.com",
            "password": "Teste@123",
            "administrador": "false",
            "_id": "9vLmKmCEyJk1XAN0"
        },
        {
            "nome": "k6 Load User 1_21_1786199440937",
            "email": "k6_1_21_1786199440937@teste.com",
            "password": "Teste@123",
            "administrador": "false",
            "_id": "9wavE94kI7d0zFnP"
        },
        {
            "nome": "k6 Load User 6_21_1786199456925",
            "email": "k6_6_21_1786199456925@teste.com",
            "password": "Teste@123",
            "administrador": "false",
            "_id": "A3AVKrxlaYcDD0gp"
        },
        {
            "nome": "k6 Load User 2_45_1786199467091",
            "email": "k6_2_45_1786199467091@teste.com",
            "password": "Teste@123",
            "administrador": "false",
            "_id": "A6fRfKt3LYwgEbik"
        },
        {
            "nome": "put Automation",
            "email": "put-1786201731861@teste.com",
            "password": "Teste@123",
            "administrador": "true",
            "_id": "A6wCIsl7zZ4EL2iQ"
        },
        {
            "nome": "k6 Load User 1_33_1786199453442",
            "email": "k6_1_33_1786199453442@teste.com",
            "password": "Teste@123",
            "administrador": "false",
            "_id": "ABEglsZ2FglQD03a"
        },
        {
            "nome": "k6 Load User 7_6_1786199428590",
            "email": "k6_7_6_1786199428590@teste.com",
            "password": "Teste@123",
            "administrador": "false",
            "_id": "ASYxC76p9BOC3rDx"
        },
        {
            "nome": "k6 Load User 6_8_1786199443359",
            "email": "k6_6_8_1786199443359@teste.com",
            "password": "Teste@123",
            "administrador": "false",
            "_id": "AUrI2TtpQ8DTdb76"
        },
        {
            "nome": "k6 Load User 3_0_1786199424531",
            "email": "k6_3_0_1786199424531@teste.com",
            "password": "Teste@123",
            "administrador": "false",
            "_id": "AWMSJR82VuxOey3Y"
        },
        {
            "nome": "k6 Load User 12_12_1786199441532",
            "email": "k6_12_12_1786199441532@teste.com",
            "password": "Teste@123",
            "administrador": "false",
            "_id": "AZrYj5dVyBT4fuNk"
        },
        {
            "nome": "k6 Load User 8_15_1786199443521",
            "email": "k6_8_15_1786199443521@teste.com",
            "password": "Teste@123",
            "administrador": "false",
            "_id": "AmQNmEoDNYvCBxdj"
        },
        {
            "nome": "k6 Load User 1_39_1786199459740",
            "email": "k6_1_39_1786199459740@teste.com",
            "password": "Teste@123",
            "administrador": "false",
            "_id": "AqV2cHb7FCS3gz6W"
        },
        {
            "nome": "k6 Load User 2_40_1786199461868",
            "email": "k6_2_40_1786199461868@teste.com",
            "password": "Teste@123",
            "administrador": "false",
            "_id": "ArLRk6FXKvfTp5wq"
        },
        {
            "nome": "k6 Load User 5_8_1786199431780",
            "email": "k6_5_8_1786199431780@teste.com",
            "password": "Teste@123",
            "administrador": "false",
            "_id": "AtA3OUTOIac14WfO"
        },
        {
            "nome": "k6 Load User 15_8_1786199452362",
            "email": "k6_15_8_1786199452362@teste.com",
            "password": "Teste@123",
            "administrador": "false",
            "_id": "BH868pwBwcRtFbLt"
        },
        {
            "nome": "k6 Load User 4_6_1786199427492",
            "email": "k6_4_6_1786199427492@teste.com",
            "password": "Teste@123",
            "administrador": "false",
            "_id": "BIzXphWF3eqqsATQ"
        },
        {
            "nome": "k6 Load User 3_15_1786199440239",
            "email": "k6_3_15_1786199440239@teste.com",
            "password": "Teste@123",
            "administrador": "false",
            "_id": "BKL7vD1PRaqaiaS5"
        },
        {
            "nome": "k6 Load User 11_2_1786199434087",
            "email": "k6_11_2_1786199434087@teste.com",
            "password": "Teste@123",
            "administrador": "false",
            "_id": "BUkorjApQVvazz37"
        },
        {
            "nome": "k6 Load User 1_0_1786202864632",
            "email": "k6_1_0_1786202864632@teste.com",
            "password": "Teste@123",
            "administrador": "false",
            "_id": "Bjp3Efah9Lk0K3Gf"
        },
        {
            "nome": "k6 Load User 4_0_1786199421198",
            "email": "k6_4_0_1786199421198@teste.com",
            "password": "Teste@123",
            "administrador": "false",
            "_id": "BoTpgwdE9A3EDit1"
        },
        {
            "nome": "k6 Load User 7_34_1786199457833",
            "email": "k6_7_34_1786199457833@teste.com",
            "password": "Teste@123",
            "administrador": "false",
            "_id": "BoVMNZt2GdhaM61n"
        },
        {
            "nome": "k6 Load User 5_1_1786199424490",
            "email": "k6_5_1_1786199424490@teste.com",
            "password": "Teste@123",
            "administrador": "false",
            "_id": "ByM7rjwGgXwUiNUI"
        },
        {
            "nome": "k6 Load User 6_4_1786202871211",
            "email": "k6_6_4_1786202871211@teste.com",
            "password": "Teste@123",
            "administrador": "false",
            "_id": "CKnewH0QyNRQmoBt"
        },
        {
            "nome": "k6 Load User 17_2_1786199455086",
            "email": "k6_17_2_1786199455086@teste.com",
            "password": "Teste@123",
            "administrador": "false",
            "_id": "CMu2VeRGx5ksqBhF"
        },
        {
            "nome": "k6 Load User 4_35_1786199457778",
            "email": "k6_4_35_1786199457778@teste.com",
            "password": "Teste@123",
            "administrador": "false",
            "_id": "COQKpKm1an3jJpcB"
        },
        {
            "nome": "k6 Load User 8_29_1786199458127",
            "email": "k6_8_29_1786199458127@teste.com",
            "password": "Teste@123",
            "administrador": "false",
            "_id": "CUwmr7ogLKO1uB14"
        },
        {
            "nome": "k6 Load User 5_23_1786199447400",
            "email": "k6_5_23_1786199447400@teste.com",
            "password": "Teste@123",
            "administrador": "false",
            "_id": "CY7qPXeInpJdJcxy"
        },
        {
            "nome": "k6 Load User 4_25_1786199447353",
            "email": "k6_4_25_1786199447353@teste.com",
            "password": "Teste@123",
            "administrador": "false",
            "_id": "CayvBCJhivneaYxq"
        },
        {
            "nome": "k6 Load User 10_37_1786199465400",
            "email": "k6_10_37_1786199465400@teste.com",
            "password": "Teste@123",
            "administrador": "false",
            "_id": "Cnae2nPLmuCRwPCK"
        },
        {
            "nome": "k6 Load User 16_12_1786199459539",
            "email": "k6_16_12_1786199459539@teste.com",
            "password": "Teste@123",
            "administrador": "false",
            "_id": "CtpomFEq2dgeBX9N"
        },
        {
            "nome": "k6 Load User 6_6_1786202873364",
            "email": "k6_6_6_1786202873364@teste.com",
            "password": "Teste@123",
            "administrador": "false",
            "_id": "CtsXW4mTVmZTCy6x"
        },
        {
            "nome": "k6 Load User 12_21_1786199450924",
            "email": "k6_12_21_1786199450924@teste.com",
            "password": "Teste@123",
            "administrador": "false",
            "_id": "DGj6Q4vRwrimbnfp"
        },
        {
            "nome": "k6 Load User 1_26_1786199446149",
            "email": "k6_1_26_1786199446149@teste.com",
            "password": "Teste@123",
            "administrador": "false",
            "_id": "DPuwkFoNf8oaDIiZ"
        },
        {
            "nome": "k6 Load User 14_3_1786199441135",
            "email": "k6_14_3_1786199441135@teste.com",
            "password": "Teste@123",
            "administrador": "false",
            "_id": "DQYGwXppMapUCLo6"
        },
        {
            "nome": "k6 Load User 7_25_1786199448423",
            "email": "k6_7_25_1786199448423@teste.com",
            "password": "Teste@123",
            "administrador": "false",
            "_id": "DVDsefaZe3d5T2g1"
        },
        {
            "nome": "k6 Load User 4_34_1786199456735",
            "email": "k6_4_34_1786199456735@teste.com",
            "password": "Teste@123",
            "administrador": "false",
            "_id": "DaRhSwRpZlw0wacc"
        },
        {
            "nome": "k6 Load User 14_9_1786199447383",
            "email": "k6_14_9_1786199447383@teste.com",
            "password": "Teste@123",
            "administrador": "false",
            "_id": "Dd2Lm6HPb3EeZhgn"
        },
        {
            "nome": "put Automation",
            "email": "put-1786201765042@teste.com",
            "password": "Teste@123",
            "administrador": "true",
            "_id": "DgJQptEuNApOrYcI"
        },
        {
            "nome": "k6 Load User 3_3_1786202873435",
            "email": "k6_3_3_1786202873435@teste.com",
            "password": "Teste@123",
            "administrador": "false",
            "_id": "Dt9MU8xQAgRPVVvX"
        },
        {
            "nome": "k6 Load User 5_17_1786199441153",
            "email": "k6_5_17_1786199441153@teste.com",
            "password": "Teste@123",
            "administrador": "false",
            "_id": "DzloN8QIaEGAKWnF"
        },
        {
            "nome": "k6 Load User 4_20_1786199442131",
            "email": "k6_4_20_1786199442131@teste.com",
            "password": "Teste@123",
            "administrador": "false",
            "_id": "E8w6gh4bjWyshguP"
        },
        {
            "nome": "k6 Load User 4_8_1786202872152",
            "email": "k6_4_8_1786202872152@teste.com",
            "password": "Teste@123",
            "administrador": "false",
            "_id": "E9OVOov8sGwDxdPK"
        },
        {
            "nome": "k6 Load User 14_20_1786199458865",
            "email": "k6_14_20_1786199458865@teste.com",
            "password": "Teste@123",
            "administrador": "false",
            "_id": "ECq2a2xmaBWmYOz9"
        },
        {
            "nome": "k6 Load User 15_16_1786199460692",
            "email": "k6_15_16_1786199460692@teste.com",
            "password": "Teste@123",
            "administrador": "false",
            "_id": "EWeZT87IEbfvfgTY"
        },
        {
            "nome": "k6 Load User 11_12_1786199444539",
            "email": "k6_11_12_1786199444539@teste.com",
            "password": "Teste@123",
            "administrador": "false",
            "_id": "EcvRQj84BXVgefCf"
        },
        {
            "nome": "QA Automation Updated",
            "password": "Teste@321",
            "administrador": "false",
            "email": "update-1786202816954@teste.com",
            "_id": "EklZLvKT0TEEWuW2"
        },
        {
            "nome": "k6 Load User 2_3_1786202868980",
            "email": "k6_2_3_1786202868980@teste.com",
            "password": "Teste@123",
            "administrador": "false",
            "_id": "ErBxru7TSTyOhkch"
        },
        {
            "nome": "k6 Load User 10_21_1786199448717",
            "email": "k6_10_21_1786199448717@teste.com",
            "password": "Teste@123",
            "administrador": "false",
            "_id": "EzvOCBJrVuMZEAjU"
        },
        {
            "nome": "k6 Load User 17_7_1786199460305",
            "email": "k6_17_7_1786199460305@teste.com",
            "password": "Teste@123",
            "administrador": "false",
            "_id": "F1UDaBPUtxy4LYmW"
        },
        {
            "nome": "k6 Load User 9_13_1786199439224",
            "email": "k6_9_13_1786199439224@teste.com",
            "password": "Teste@123",
            "administrador": "false",
            "_id": "FEelxkdZFTQxOIxZ"
        },
        {
            "nome": "k6 Load User 9_6_1786199431942",
            "email": "k6_9_6_1786199431942@teste.com",
            "password": "Teste@123",
            "administrador": "false",
            "_id": "FPfuFn59SpxGcQCD"
        },
        {
            "nome": "k6 Load User 3_2_1786202872361",
            "email": "k6_3_2_1786202872361@teste.com",
            "password": "Teste@123",
            "administrador": "false",
            "_id": "FUMzRIos6Pw4EwBP"
        },
        {
            "nome": "k6 Load User 4_30_1786199452566",
            "email": "k6_4_30_1786199452566@teste.com",
            "password": "Teste@123",
            "administrador": "false",
            "_id": "FVW7zV3hIVdfvQM0"
        },
        {
            "nome": "k6 Load User 9_10_1786199436107",
            "email": "k6_9_10_1786199436107@teste.com",
            "password": "Teste@123",
            "administrador": "false",
            "_id": "FW08eEXdmqyQljcz"
        },
        {
            "nome": "k6 Load User 7_5_1786199427548",
            "email": "k6_7_5_1786199427548@teste.com",
            "password": "Teste@123",
            "administrador": "false",
            "_id": "Fi6LsvD5kOXFIaer"
        },
        {
            "nome": "k6 Load User 8_30_1786199459168",
            "email": "k6_8_30_1786199459168@teste.com",
            "password": "Teste@123",
            "administrador": "false",
            "_id": "FkSRAVaH5mXzwc5h"
        },
        {
            "nome": "k6 Load User 1_38_1786199458656",
            "email": "k6_1_38_1786199458656@teste.com",
            "password": "Teste@123",
            "administrador": "false",
            "_id": "FoCQqIpL3psSUiee"
        },
        {
            "nome": "k6 Load User 5_28_1786199452609",
            "email": "k6_5_28_1786199452609@teste.com",
            "password": "Teste@123",
            "administrador": "false",
            "_id": "Fr7BgtxqeIQOGtw9"
        },
        {
            "nome": "k6 Load User 16_2_1786199449081",
            "email": "k6_16_2_1786199449081@teste.com",
            "password": "Teste@123",
            "administrador": "false",
            "_id": "G6GtCjzLTerCO4hO"
        },
        {
            "nome": "k6 Load User 2_8_1786199428470",
            "email": "k6_2_8_1786199428470@teste.com",
            "password": "Teste@123",
            "administrador": "false",
            "_id": "GBSR7C6VW5Im76X5"
        },
        {
            "nome": "k6 Load User 15_0_1786199443976",
            "email": "k6_15_0_1786199443976@teste.com",
            "password": "Teste@123",
            "administrador": "false",
            "_id": "GGPh6Z7m0IMEzpSt"
        },
        {
            "nome": "byid Automation",
            "email": "byid-1786201965137@teste.com",
            "password": "Teste@123",
            "administrador": "true",
            "_id": "GL1hSXmtPUmkzHNd"
        },
        {
            "nome": "k6 Load User 8_11_1786199439348",
            "email": "k6_8_11_1786199439348@teste.com",
            "password": "Teste@123",
            "administrador": "false",
            "_id": "GLADTXio0IHo8tb4"
        },
        {
            "nome": "k6 Load User 1_22_1786199441978",
            "email": "k6_1_22_1786199441978@teste.com",
            "password": "Teste@123",
            "administrador": "false",
            "_id": "GS6gTkl7Q1ZoARhg"
        },
        {
            "nome": "k6 Load User 4_33_1786199455693",
            "email": "k6_4_33_1786199455693@teste.com",
            "password": "Teste@123",
            "administrador": "false",
            "_id": "GaA557cwt0xNfbJ1"
        },
        {
            "nome": "k6 Load User 16_8_1786199455375",
            "email": "k6_16_8_1786199455375@teste.com",
            "password": "Teste@123",
            "administrador": "false",
            "_id": "GbVL2y0MSVWwA3FK"
        },
        {
            "nome": "k6 Load User 2_2_1786199422210",
            "email": "k6_2_2_1786199422210@teste.com",
            "password": "Teste@123",
            "administrador": "false",
            "_id": "GdLJqaQAOtFNxs5X"
        },
        {
            "nome": "k6 Load User 6_3_1786202870138",
            "email": "k6_6_3_1786202870138@teste.com",
            "password": "Teste@123",
            "administrador": "false",
            "_id": "GmiTMsv34YJEtbeX"
        },
        {
            "nome": "k6 Load User 1_4_1786199423184",
            "email": "k6_1_4_1786199423184@teste.com",
            "password": "Teste@123",
            "administrador": "false",
            "_id": "GnrqPZG0Zz3Fg0Qa"
        },
        {
            "nome": "k6 Load User 12_33_1786199463449",
            "email": "k6_12_33_1786199463449@teste.com",
            "password": "Teste@123",
            "administrador": "false",
            "_id": "GoNhhOh84EM1XWBr"
        },
        {
            "nome": "k6 Load User 11_13_1786199445583",
            "email": "k6_11_13_1786199445583@teste.com",
            "password": "Teste@123",
            "administrador": "false",
            "_id": "Gp7vpGwt8kX1BGa3"
        },
        {
            "nome": "k6 Load User 10_33_1786199461236",
            "email": "k6_10_33_1786199461236@teste.com",
            "password": "Teste@123",
            "administrador": "false",
            "_id": "GpNBJqyGrNYar99j"
        },
        {
            "nome": "k6 Load User 14_6_1786199444253",
            "email": "k6_14_6_1786199444253@teste.com",
            "password": "Teste@123",
            "administrador": "false",
            "_id": "H4kQLprR4E6kWPF7"
        },
        {
            "nome": "k6 Load User 2_9_1786202875456",
            "email": "k6_2_9_1786202875456@teste.com",
            "password": "Teste@123",
            "administrador": "false",
            "_id": "H5l3DhBwm0zuZTyR"
        },
        {
            "nome": "k6 Load User 2_0_1786202865742",
            "email": "k6_2_0_1786202865742@teste.com",
            "password": "Teste@123",
            "administrador": "false",
            "_id": "HJT8JEq7uYxY0p1w"
        },
        {
            "nome": "k6 Load User 1_15_1786199434675",
            "email": "k6_1_15_1786199434675@teste.com",
            "password": "Teste@123",
            "administrador": "false",
            "_id": "HLedYa0mFH2fxm9i"
        },
        {
            "nome": "k6 Load User 3_19_1786199444415",
            "email": "k6_3_19_1786199444415@teste.com",
            "password": "Teste@123",
            "administrador": "false",
            "_id": "HSBiRQsm1m7gDxsx"
        },
        {
            "nome": "k6 Load User 10_23_1786199450801",
            "email": "k6_10_23_1786199450801@teste.com",
            "password": "Teste@123",
            "administrador": "false",
            "_id": "HUvTXU4zvgcJKK6B"
        },
        {
            "nome": "k6 Load User 1_14_1786199433628",
            "email": "k6_1_14_1786199433628@teste.com",
            "password": "Teste@123",
            "administrador": "false",
            "_id": "HfiWoDpjqsRLxY97"
        },
        {
            "nome": "k6 Load User 4_37_1786199459871",
            "email": "k6_4_37_1786199459871@teste.com",
            "password": "Teste@123",
            "administrador": "false",
            "_id": "HhzzQfL5cSJn3sYB"
        },
        {
            "nome": "k6 Load User 10_36_1786199464360",
            "email": "k6_10_36_1786199464360@teste.com",
            "password": "Teste@123",
            "administrador": "false",
            "_id": "HnsxjTOot2nJjtJy"
        },
        {
            "nome": "k6 Load User 3_0_1786202870186",
            "email": "k6_3_0_1786202870186@teste.com",
            "password": "Teste@123",
            "administrador": "false",
            "_id": "HtORFRKPsPVw4P1C"
        },
        {
            "nome": "k6 Load User 3_36_1786199462179",
            "email": "k6_3_36_1786199462179@teste.com",
            "password": "Teste@123",
            "administrador": "false",
            "_id": "IBvmvVIOC2GMk023"
        },
        {
            "nome": "k6 Load User 6_7_1786199442315",
            "email": "k6_6_7_1786199442315@teste.com",
            "password": "Teste@123",
            "administrador": "false",
            "_id": "IHfRNqlxglA6FjjT"
        },
        {
            "nome": "put Automation",
            "email": "put-1786201802971@teste.com",
            "password": "Teste@123",
            "administrador": "true",
            "_id": "ILlonpRznzNN9b63"
        },
        {
            "nome": "QA Dup",
            "email": "qa-1786201458744@teste.com",
            "password": "Teste@123",
            "administrador": "true",
            "_id": "IaCqpcthPzSnN9Yb"
        },
        {
            "nome": "k6 Load User 10_10_1786199437229",
            "email": "k6_10_10_1786199437229@teste.com",
            "password": "Teste@123",
            "administrador": "false",
            "_id": "IaVV8jY2wCLq27AR"
        },
        {
            "nome": "k6 Load User 8_31_1786199460211",
            "email": "k6_8_31_1786199460211@teste.com",
            "password": "Teste@123",
            "administrador": "false",
            "_id": "IiLbejP1WdvNj8a9"
        },
        {
            "nome": "k6 Load User 2_10_1786199430556",
            "email": "k6_2_10_1786199430556@teste.com",
            "password": "Teste@123",
            "administrador": "false",
            "_id": "IkvaObVsyukunabg"
        },
        {
            "nome": "k6 Load User 4_6_1786202870003",
            "email": "k6_4_6_1786202870003@teste.com",
            "password": "Teste@123",
            "administrador": "false",
            "_id": "IszUgG2rCNokoeLf"
        },
        {
            "nome": "k6 Load User 10_12_1786199439314",
            "email": "k6_10_12_1786199439314@teste.com",
            "password": "Teste@123",
            "administrador": "false",
            "_id": "Iui4vF8T5WhsH3Sy"
        },
        {
            "nome": "k6 Load User 3_29_1786199454875",
            "email": "k6_3_29_1786199454875@teste.com",
            "password": "Teste@123",
            "administrador": "false",
            "_id": "IvR7eFiAbnSQf6Mb"
        },
        {
            "nome": "k6 Load User 5_39_1786199464114",
            "email": "k6_5_39_1786199464114@teste.com",
            "password": "Teste@123",
            "administrador": "false",
            "_id": "J24xlj4Gf67IakuB"
        },
        {
            "nome": "k6 Load User 1_6_1786202871097",
            "email": "k6_1_6_1786202871097@teste.com",
            "password": "Teste@123",
            "administrador": "false",
            "_id": "JC51etF8ISnsopIi"
        },
        {
            "nome": "k6 Load User 15_15_1786199459652",
            "email": "k6_15_15_1786199459652@teste.com",
            "password": "Teste@123",
            "administrador": "false",
            "_id": "JIpAx0tkkdvqbfdG"
        },
        {
            "nome": "k6 Load User 10_6_1786199433055",
            "email": "k6_10_6_1786199433055@teste.com",
            "password": "Teste@123",
            "administrador": "false",
            "_id": "JL0cpaaARU2LOnWR"
        },
        {
            "nome": "k6 Load User 10_34_1786199462278",
            "email": "k6_10_34_1786199462278@teste.com",
            "password": "Teste@123",
            "administrador": "false",
            "_id": "JNkhKbK2aVMPPZue"
        },
        {
            "nome": "k6 Load User 3_22_1786199447557",
            "email": "k6_3_22_1786199447557@teste.com",
            "password": "Teste@123",
            "administrador": "false",
            "_id": "JO57x5q2DNnIhD1g"
        },
        {
            "nome": "read Automation",
            "email": "read-1786202814710@teste.com",
            "password": "Teste@123",
            "administrador": "true",
            "_id": "JWBIQLnsYCujQxOk"
        },
        {
            "nome": "k6 Load User 11_30_1786199463348",
            "email": "k6_11_30_1786199463348@teste.com",
            "password": "Teste@123",
            "administrador": "false",
            "_id": "JsoPi6ID6XGdPlWb"
        },
        {
            "nome": "QA Automation Updated",
            "password": "Teste@321",
            "administrador": "false",
            "email": "update-1786202769671@teste.com",
            "_id": "JyW1gRb3CcDsI6wP"
        },
        {
            "nome": "k6 Load User 12_30_1786199460324",
            "email": "k6_12_30_1786199460324@teste.com",
            "password": "Teste@123",
            "administrador": "false",
            "_id": "K5W8nWWgex5JjOlY"
        },
        {
            "nome": "k6 Load User 14_5_1786199443216",
            "email": "k6_14_5_1786199443216@teste.com",
            "password": "Teste@123",
            "administrador": "false",
            "_id": "KJdi896JKRRf1QBl"
        },
        {
            "nome": "k6 Load User 7_27_1786199450508",
            "email": "k6_7_27_1786199450508@teste.com",
            "password": "Teste@123",
            "administrador": "false",
            "_id": "KKx0UdUt55gOayZX"
        },
        {
            "nome": "k6 Load User 1_11_1786199430505",
            "email": "k6_1_11_1786199430505@teste.com",
            "password": "Teste@123",
            "administrador": "false",
            "_id": "KLCUmcBWCDyjZbxq"
        },
        {
            "nome": "k6 Load User 4_11_1786202875389",
            "email": "k6_4_11_1786202875389@teste.com",
            "password": "Teste@123",
            "administrador": "false",
            "_id": "KMosn1Rq2yn2TAl3"
        },
        {
            "nome": "k6 Load User 3_10_1786199435018",
            "email": "k6_3_10_1786199435018@teste.com",
            "password": "Teste@123",
            "administrador": "false",
            "_id": "KNyTf9xNqUfSoj32"
        },
        {
            "nome": "k6 Load User 2_25_1786199446209",
            "email": "k6_2_25_1786199446209@teste.com",
            "password": "Teste@123",
            "administrador": "false",
            "_id": "KOP9MNVky61dKZJ6"
        },
        {
            "nome": "k6 Load User 1_31_1786199451349",
            "email": "k6_1_31_1786199451349@teste.com",
            "password": "Teste@123",
            "administrador": "false",
            "_id": "KYY5ljVju1ROafcX"
        },
        {
            "nome": "k6 Load User 1_7_1786199426322",
            "email": "k6_1_7_1786199426322@teste.com",
            "password": "Teste@123",
            "administrador": "false",
            "_id": "KZuDgE2Y7uRp7N4g"
        },
        {
            "nome": "k6 Load User 10_26_1786199453927",
            "email": "k6_10_26_1786199453927@teste.com",
            "password": "Teste@123",
            "administrador": "false",
            "_id": "KeJSGcC6vEwHTmJG"
        },
        {
            "nome": "k6 Load User 2_3_1786199423251",
            "email": "k6_2_3_1786199423251@teste.com",
            "password": "Teste@123",
            "administrador": "false",
            "_id": "KoVM3pmaZcNQNDjF"
        },
        {
            "nome": "k6 Load User 16_3_1786199450139",
            "email": "k6_16_3_1786199450139@teste.com",
            "password": "Teste@123",
            "administrador": "false",
            "_id": "Kvruuu7v4nc7HXSG"
        },
        {
            "nome": "k6 Load User 14_0_1786199437976",
            "email": "k6_14_0_1786199437976@teste.com",
            "password": "Teste@123",
            "administrador": "false",
            "_id": "L5fAZARVh1JxWj54"
        },
        {
            "nome": "k6 Load User 9_31_1786199457974",
            "email": "k6_9_31_1786199457974@teste.com",
            "password": "Teste@123",
            "administrador": "false",
            "_id": "L72qTEHcJip3qgAm"
        },
        {
            "nome": "k6 Load User 5_20_1786199444273",
            "email": "k6_5_20_1786199444273@teste.com",
            "password": "Teste@123",
            "administrador": "false",
            "_id": "L8L7zhQEynZtAJ3K"
        },
        {
            "nome": "k6 Load User 1_1_1786202865727",
            "email": "k6_1_1_1786202865727@teste.com",
            "password": "Teste@123",
            "administrador": "false",
            "_id": "LGjSaanyeiyoniix"
        },
        {
            "nome": "k6 Load User 6_2_1786199437091",
            "email": "k6_6_2_1786199437091@teste.com",
            "password": "Teste@123",
            "administrador": "false",
            "_id": "LHZrAxke254kv0zk"
        },
        {
            "nome": "k6 Load User 3_24_1786199449655",
            "email": "k6_3_24_1786199449655@teste.com",
            "password": "Teste@123",
            "administrador": "false",
            "_id": "LK41Jqs7NHza8XUZ"
        },
        {
            "nome": "k6 Load User 10_3_1786199429916",
            "email": "k6_10_3_1786199429916@teste.com",
            "password": "Teste@123",
            "administrador": "false",
            "_id": "LRrB1AeZOM8fYzmB"
        },
        {
            "nome": "k6 Load User 5_25_1786199449481",
            "email": "k6_5_25_1786199449481@teste.com",
            "password": "Teste@123",
            "administrador": "false",
            "_id": "LW0J3D9EvBaKUG3A"
        },
        {
            "nome": "k6 Load User 9_32_1786199459015",
            "email": "k6_9_32_1786199459015@teste.com",
            "password": "Teste@123",
            "administrador": "false",
            "_id": "LauNrtKWZvwZt6CC"
        },
        {
            "nome": "k6 Load User 4_1_1786199422275",
            "email": "k6_4_1_1786199422275@teste.com",
            "password": "Teste@123",
            "administrador": "false",
            "_id": "LfRfpVkMNv4wD7sr"
        },
        {
            "nome": "k6 Load User 10_28_1786199456010",
            "email": "k6_10_28_1786199456010@teste.com",
            "password": "Teste@123",
            "administrador": "false",
            "_id": "LtwqWb5RskTWTxxQ"
        },
        {
            "nome": "k6 Load User 3_34_1786199460090",
            "email": "k6_3_34_1786199460090@teste.com",
            "password": "Teste@123",
            "administrador": "false",
            "_id": "LxrCVyUVE3tUvGmK"
        },
        {
            "nome": "k6 Load User 12_3_1786199432141",
            "email": "k6_12_3_1786199432141@teste.com",
            "password": "Teste@123",
            "administrador": "false",
            "_id": "M9MjUu1OkEw6Zamn"
        },
        {
            "nome": "k6 Load User 6_12_1786199447534",
            "email": "k6_6_12_1786199447534@teste.com",
            "password": "Teste@123",
            "administrador": "false",
            "_id": "MBPymTaP6FZdJyJ6"
        },
        {
            "nome": "k6 Load User 13_18_1786199459770",
            "email": "k6_13_18_1786199459770@teste.com",
            "password": "Teste@123",
            "administrador": "false",
            "_id": "MHO9chBUsF2OKMrP"
        },
        {
            "nome": "k6 Load User 3_2_1786199426655",
            "email": "k6_3_2_1786199426655@teste.com",
            "password": "Teste@123",
            "administrador": "false",
            "_id": "MHQECBJQBG9iyEOA"
        },
        {
            "nome": "k6 Load User 3_8_1786199432927",
            "email": "k6_3_8_1786199432927@teste.com",
            "password": "Teste@123",
            "administrador": "false",
            "_id": "MJdCiTVS6c063NuI"
        },
        {
            "nome": "k6 Load User 16_10_1786199457454",
            "email": "k6_16_10_1786199457454@teste.com",
            "password": "Teste@123",
            "administrador": "false",
            "_id": "MNdOJ0qAlUQUnekb"
        },
        {
            "nome": "k6 Load User 2_20_1786199440997",
            "email": "k6_2_20_1786199440997@teste.com",
            "password": "Teste@123",
            "administrador": "false",
            "_id": "MRHRUlTgvIm5nMnv"
        },
        {
            "nome": "k6 Load User 12_13_1786199442574",
            "email": "k6_12_13_1786199442574@teste.com",
            "password": "Teste@123",
            "administrador": "false",
            "_id": "MRWPxI73wxzLl1JC"
        },
        {
            "nome": "k6 Load User 2_37_1786199458741",
            "email": "k6_2_37_1786199458741@teste.com",
            "password": "Teste@123",
            "administrador": "false",
            "_id": "MhdmfuTh2ezA7fbE"
        },
        {
            "nome": "k6 Load User 4_2_1786199423318",
            "email": "k6_4_2_1786199423318@teste.com",
            "password": "Teste@123",
            "administrador": "false",
            "_id": "Mqt7neNJPjdH5KxB"
        },
        {
            "nome": "k6 Load User 8_21_1786199449789",
            "email": "k6_8_21_1786199449789@teste.com",
            "password": "Teste@123",
            "administrador": "false",
            "_id": "N5gfmYpgspf8iCoX"
        },
        {
            "nome": "k6 Load User 2_4_1786199424296",
            "email": "k6_2_4_1786199424296@teste.com",
            "password": "Teste@123",
            "administrador": "false",
            "_id": "NENA8DWOpZjqp5Pq"
        },
        {
            "nome": "k6 Load User 9_22_1786199448608",
            "email": "k6_9_22_1786199448608@teste.com",
            "password": "Teste@123",
            "administrador": "false",
            "_id": "NF4ISNZlWBN6UpnF"
        },
        {
            "nome": "k6 Load User 7_39_1786199463057",
            "email": "k6_7_39_1786199463057@teste.com",
            "password": "Teste@123",
            "administrador": "false",
            "_id": "NHxEN4QHZ3BGTnPs"
        },
        {
            "nome": "k6 Load User 14_21_1786199459911",
            "email": "k6_14_21_1786199459911@teste.com",
            "password": "Teste@123",
            "administrador": "false",
            "_id": "NJGwod1hUTeVP3R2"
        },
        {
            "nome": "k6 Load User 14_19_1786199457823",
            "email": "k6_14_19_1786199457823@teste.com",
            "password": "Teste@123",
            "administrador": "false",
            "_id": "NNtilGzshIctDjzE"
        },
        {
            "nome": "k6 Load User 9_36_1786199463194",
            "email": "k6_9_36_1786199463194@teste.com",
            "password": "Teste@123",
            "administrador": "false",
            "_id": "NTwFQCePLbasieHk"
        },
        {
            "nome": "k6 Load User 3_26_1786199451743",
            "email": "k6_3_26_1786199451743@teste.com",
            "password": "Teste@123",
            "administrador": "false",
            "_id": "NUfmFVkR9oGG940M"
        },
        {
            "nome": "k6 Load User 6_15_1786199450665",
            "email": "k6_6_15_1786199450665@teste.com",
            "password": "Teste@123",
            "administrador": "false",
            "_id": "NVRyuLMJWm8utblo"
        },
        {
            "nome": "k6 Load User 5_7_1786202875531",
            "email": "k6_5_7_1786202875531@teste.com",
            "password": "Teste@123",
            "administrador": "false",
            "_id": "NVcgnvh9OfjzkTfq"
        },
        {
            "nome": "k6 Load User 1_9_1786199428414",
            "email": "k6_1_9_1786199428414@teste.com",
            "password": "Teste@123",
            "administrador": "false",
            "_id": "Na1QfqJpIkibDY2A"
        },
        {
            "nome": "k6 Load User 15_6_1786199450276",
            "email": "k6_15_6_1786199450276@teste.com",
            "password": "Teste@123",
            "administrador": "false",
            "_id": "NpEUq97NVK9GGr73"
        },
        {
            "nome": "k6 Load User 17_3_1786199456134",
            "email": "k6_17_3_1786199456134@teste.com",
            "password": "Teste@123",
            "administrador": "false",
            "_id": "O6hqAFGPLIuk7U3V"
        },
        {
            "nome": "k6 Load User 9_6_1786202875540",
            "email": "k6_9_6_1786202875540@teste.com",
            "password": "Teste@123",
            "administrador": "false",
            "_id": "ORGgLHcU8AwyfhdI"
        },
        {
            "nome": "k6 Load User 1_3_1786202867869",
            "email": "k6_1_3_1786202867869@teste.com",
            "password": "Teste@123",
            "administrador": "false",
            "_id": "ORkV62kuv1fwi8by"
        },
        {
            "nome": "k6 Load User 14_13_1786199451558",
            "email": "k6_14_13_1786199451558@teste.com",
            "password": "Teste@123",
            "administrador": "false",
            "_id": "OXpQBRx4RmV7hv6n"
        },
        {
            "nome": "k6 Load User 1_34_1786199454485",
            "email": "k6_1_34_1786199454485@teste.com",
            "password": "Teste@123",
            "administrador": "false",
            "_id": "OcIi5oyEHR8XECZy"
        },
        {
            "nome": "k6 Load User 10_17_1786199444537",
            "email": "k6_10_17_1786199444537@teste.com",
            "password": "Teste@123",
            "administrador": "false",
            "_id": "OdUoyJDb9ifONCXD"
        },
        {
            "nome": "k6 Load User 9_35_1786199462153",
            "email": "k6_9_35_1786199462153@teste.com",
            "password": "Teste@123",
            "administrador": "false",
            "_id": "OqOSkHcqYHTntzBd"
        },
        {
            "nome": "k6 Load User 5_3_1786199426570",
            "email": "k6_5_3_1786199426570@teste.com",
            "password": "Teste@123",
            "administrador": "false",
            "_id": "P0dADxwkwbuJBFbg"
        },
        {
            "nome": "k6 Load User 5_16_1786199440116",
            "email": "k6_5_16_1786199440116@teste.com",
            "password": "Teste@123",
            "administrador": "false",
            "_id": "P4gHBy6dB6dVenDq"
        },
        {
            "nome": "k6 Load User 4_39_1786199461963",
            "email": "k6_4_39_1786199461963@teste.com",
            "password": "Teste@123",
            "administrador": "false",
            "_id": "PCVChBv6Cjsj9RX6"
        },
        {
            "nome": "k6 Load User 5_37_1786199462028",
            "email": "k6_5_37_1786199462028@teste.com",
            "password": "Teste@123",
            "administrador": "false",
            "_id": "PDWXAstvI7Ltd2Cs"
        },
        {
            "nome": "k6 Load User 2_34_1786199455609",
            "email": "k6_2_34_1786199455609@teste.com",
            "password": "Teste@123",
            "administrador": "false",
            "_id": "PEhYcYjerUKnIjAg"
        },
        {
            "nome": "k6 Load User 12_14_1786199443616",
            "email": "k6_12_14_1786199443616@teste.com",
            "password": "Teste@123",
            "administrador": "false",
            "_id": "PJLtSYPfq6PEftSl"
        },
        {
[...]
            "password": "Teste@123",
            "administrador": "false",
            "_id": "vNuw8rST1r3EizME"
        },
        {
            "nome": "k6 Load User 1_2_1786202866801",
            "email": "k6_1_2_1786202866801@teste.com",
            "password": "Teste@123",
            "administrador": "false",
            "_id": "vQTWYYfxsNPy4byl"
        },
        {
            "nome": "k6 Load User 13_8_1786199449344",
            "email": "k6_13_8_1786199449344@teste.com",
            "password": "Teste@123",
            "administrador": "false",
            "_id": "vZDLpZQWdWEqtNyJ"
        },
        {
            "nome": "k6 Load User 16_0_1786199446976",
            "email": "k6_16_0_1786199446976@teste.com",
            "password": "Teste@123",
            "administrador": "false",
            "_id": "vZcMONRPTyVA7Nvm"
        },
        {
            "nome": "Usuario Actualizado",
            "password": "NovaSenha@123",
            "administrador": "false",
            "email": "update-1786201966622@teste.com",
            "_id": "vaokovHZIQcZeQYp"
        },
        {
            "nome": "k6 Load User 13_17_1786199458727",
            "email": "k6_13_17_1786199458727@teste.com",
            "password": "Teste@123",
            "administrador": "false",
            "_id": "vjG7CRfwuwPzuy3B"
        },
        {
            "nome": "k6 Load User 2_31_1786199452472",
            "email": "k6_2_31_1786199452472@teste.com",
            "password": "Teste@123",
            "administrador": "false",
            "_id": "vxhLujehIfo1YqnI"
        },
        {
            "nome": "k6 Load User 16_1_1786199448043",
            "email": "k6_16_1_1786199448043@teste.com",
            "password": "Teste@123",
            "administrador": "false",
            "_id": "w2Bb0iNKCjpcIVIY"
        },
        {
            "nome": "k6 Load User 9_11_1786199437146",
            "email": "k6_9_11_1786199437146@teste.com",
            "password": "Teste@123",
            "administrador": "false",
            "_id": "w3FTMjinBOr5ijyC"
        },
        {
            "nome": "k6 Load User 18_4_1786199454193",
            "email": "k6_18_4_1786199454193@teste.com",
            "password": "Teste@123",
            "administrador": "false",
            "_id": "wAez8d9BL7Hzj04K"
        },
        {
            "nome": "k6 Load User 1_5_1786199424230",
            "email": "k6_1_5_1786199424230@teste.com",
            "password": "Teste@123",
            "administrador": "false",
            "_id": "wKHGtDe2mBJQedfU"
        },
        {
            "nome": "k6 Load User 4_22_1786199444217",
            "email": "k6_4_22_1786199444217@teste.com",
            "password": "Teste@123",
            "administrador": "false",
            "_id": "wP7HWApwSVssl8FI"
        },
        {
            "nome": "k6 Load User 12_24_1786199454050",
            "email": "k6_12_24_1786199454050@teste.com",
            "password": "Teste@123",
            "administrador": "false",
            "_id": "wc4ApoLOsCTqTPJk"
        },
        {
            "nome": "k6 Load User 9_29_1786199455891",
            "email": "k6_9_29_1786199455891@teste.com",
            "password": "Teste@123",
            "administrador": "false",
            "_id": "wch1q0WmQt2cVOmj"
        },
        {
            "nome": "k6 Load User 12_5_1786199434227",
            "email": "k6_12_5_1786199434227@teste.com",
            "password": "Teste@123",
            "administrador": "false",
            "_id": "wdylAA9mOHswyNQr"
        },
        {
            "nome": "k6 Load User 7_43_1786199467224",
            "email": "k6_7_43_1786199467224@teste.com",
            "password": "Teste@123",
            "administrador": "false",
            "_id": "wfNnFmuPFRbdOLl9"
        },
        {
            "nome": "k6 Load User 3_4_1786202874505",
            "email": "k6_3_4_1786202874505@teste.com",
            "password": "Teste@123",
            "administrador": "false",
            "_id": "whv1tmH9WrNkRzhI"
        },
        {
            "nome": "k6 Load User 8_17_1786199445610",
            "email": "k6_8_17_1786199445610@teste.com",
            "password": "Teste@123",
            "administrador": "false",
            "_id": "wmw58uhhSbxsQjzr"
        },
        {
            "nome": "k6 Load User 4_12_1786199433778",
            "email": "k6_4_12_1786199433778@teste.com",
            "password": "Teste@123",
            "administrador": "false",
            "_id": "xMsBO2uFfHKN5hsO"
        },
        {
            "nome": "k6 Load User 7_23_1786199446338",
            "email": "k6_7_23_1786199446338@teste.com",
            "password": "Teste@123",
            "administrador": "false",
            "_id": "xwSbJaRl1tEc5lBO"
        },
        {
            "nome": "crud Automation",
            "email": "crud-1786201842657@teste.com",
            "password": "Teste@123",
            "administrador": "true",
            "_id": "xzGIbRCLJcdBf2B5"
        },
        {
            "nome": "k6 Load User 11_21_1786199453939",
            "email": "k6_11_21_1786199453939@teste.com",
            "password": "Teste@123",
            "administrador": "false",
            "_id": "y22h8e0HfCjBoCyL"
        },
        {
            "nome": "k6 Load User 11_28_1786199461257",
            "email": "k6_11_28_1786199461257@teste.com",
            "password": "Teste@123",
            "administrador": "false",
            "_id": "yBV9COGyDoN2tOI5"
        },
        {
            "nome": "k6 Load User 10_2_1786199428867",
            "email": "k6_10_2_1786199428867@teste.com",
            "password": "Teste@123",
            "administrador": "false",
            "_id": "yGagymv1jAGUPr5H"
        },
        {
            "nome": "k6 Load User 3_6_1786202876654",
            "email": "k6_3_6_1786202876654@teste.com",
            "password": "Teste@123",
            "administrador": "false",
            "_id": "yRhFi0qLd0yAcIeH"
        },
        {
            "nome": "k6 Load User 2_12_1786199432644",
            "email": "k6_2_12_1786199432644@teste.com",
            "password": "Teste@123",
            "administrador": "false",
            "_id": "yTcNVhyVOz6Lag7R"
        },
        {
            "nome": "k6 Load User 12_17_1786199446747",
            "email": "k6_12_17_1786199446747@teste.com",
            "password": "Teste@123",
            "administrador": "false",
            "_id": "yW8HnF5xbO8I0uWm"
        },
        {
            "nome": "k6 Load User 8_0_1786199427865",
            "email": "k6_8_0_1786199427865@teste.com",
            "password": "Teste@123",
            "administrador": "false",
            "_id": "yagdKTWNRczDwGtX"
        },
        {
            "nome": "k6 Load User 1_45_1786199465992",
            "email": "k6_1_45_1786199465992@teste.com",
            "password": "Teste@123",
            "administrador": "false",
            "_id": "ybauCepJeAch7dUh"
        },
        {
            "nome": "k6 Load User 9_16_1786199442345",
            "email": "k6_9_16_1786199442345@teste.com",
            "password": "Teste@123",
            "administrador": "false",
            "_id": "yedZVV5aSXyL2v3A"
        },
        {
            "nome": "Usuario Actualizado",
            "password": "NovaSenha@123",
            "administrador": "false",
            "email": "update-1786202772986@teste.com",
            "_id": "ygR9FRoMubYmwizq"
        },
        {
            "nome": "k6 Load User 8_0_1786202871298",
            "email": "k6_8_0_1786202871298@teste.com",
            "password": "Teste@123",
            "administrador": "false",
            "_id": "ygTsKg9RcO9rIvTW"
        },
        {
            "nome": "k6 Load User 9_5_1786202874469",
            "email": "k6_9_5_1786202874469@teste.com",
            "password": "Teste@123",
            "administrador": "false",
            "_id": "yiDKzQoduGNyXjmJ"
        },
        {
            "nome": "k6 Load User 9_19_1786199445473",
            "email": "k6_9_19_1786199445473@teste.com",
            "password": "Teste@123",
            "administrador": "false",
            "_id": "yirTga3tm4HiDsQV"
        },
        {
            "nome": "k6 Load User 7_22_1786199445280",
            "email": "k6_7_22_1786199445280@teste.com",
            "password": "Teste@123",
            "administrador": "false",
            "_id": "yk9d97SnL2bX4Fu6"
        },
        {
            "nome": "k6 Load User 4_19_1786199441087",
            "email": "k6_4_19_1786199441087@teste.com",
            "password": "Teste@123",
            "administrador": "false",
            "_id": "ymQcnwXv2T9vQOem"
        },
        {
            "nome": "k6 Load User 10_4_1786202877823",
            "email": "k6_10_4_1786202877823@teste.com",
            "password": "Teste@123",
            "administrador": "false",
            "_id": "yyZt8odxuEBL7Hac"
        },
        {
            "nome": "k6 Load User 9_0_1786202869075",
            "email": "k6_9_0_1786202869075@teste.com",
            "password": "Teste@123",
            "administrador": "false",
            "_id": "z59Cj3giX9acHAtY"
        },
        {
            "nome": "k6 Load User 12_2_1786199431092",
            "email": "k6_12_2_1786199431092@teste.com",
            "password": "Teste@123",
            "administrador": "false",
            "_id": "z90aqccU00Jyrboa"
        },
        {
            "nome": "k6 Load User 3_30_1786199455916",
            "email": "k6_3_30_1786199455916@teste.com",
            "password": "Teste@123",
            "administrador": "false",
            "_id": "zKABGOEnYoh1MrJF"
        },
        {
            "nome": "k6 Load User 6_14_1786199449624",
            "email": "k6_6_14_1786199449624@teste.com",
            "password": "Teste@123",
            "administrador": "false",
            "_id": "zKsKfhs5tN6mYxJz"
        },
        {
            "nome": "k6 Load User 1_19_1786199438848",
            "email": "k6_1_19_1786199438848@teste.com",
            "password": "Teste@123",
            "administrador": "false",
            "_id": "zV8hXnhf75ACm43P"
        },
        {
            "nome": "k6 Load User 17_6_1786199459261",
            "email": "k6_17_6_1786199459261@teste.com",
            "password": "Teste@123",
            "administrador": "false",
            "_id": "zVOpim1xzoyegszG"
        },
        {
            "nome": "k6 Load User 12_4_1786199433184",
            "email": "k6_12_4_1786199433184@teste.com",
            "password": "Teste@123",
            "administrador": "false",
            "_id": "zgqw5JHjoIiLo89D"
        },
        {
            "nome": "k6 Load User 6_0_1786199434976",
            "email": "k6_6_0_1786199434976@teste.com",
            "password": "Teste@123",
            "administrador": "false",
            "_id": "zk2vAzb89mWslJQ4"
        },
        {
            "nome": "k6 Load User 7_32_1786199455743",
            "email": "k6_7_32_1786199455743@teste.com",
            "password": "Teste@123",
            "administrador": "false",
            "_id": "zvH7Y63igDx7ovSp"
        },
        {
            "nome": "create Automation",
            "email": "create-1786202811351@teste.com",
            "password": "Teste@123",
            "administrador": "true",
            "_id": "zzlanijWv4wDXwO1"
        }
    ]
}

]]></system-out>
  </testcase>
  <testcase name="[2:14] POST /usuarios crea un usuario con datos válidos" classname="features/users/users" time="0.419">
    <system-out><![CDATA[10:27:58.825 [main] DEBUG com.intuit.karate - request:
1 > POST https://serverest.dev/usuarios
1 > Content-Type: application/json; charset=UTF-8
1 > Content-Length: 111
1 > Host: serverest.dev
1 > Connection: Keep-Alive
1 > User-Agent: Apache-HttpClient/4.5.14 (Java/17.0.16)
1 > Accept-Encoding: gzip,deflate
{"nome":"crud Automation","email":"crud-1786202878824@teste.com","password":"Teste@123","administrador":"true"}

10:27:59.233 [main] DEBUG com.intuit.karate - response time in milliseconds: 405
1 < 201
1 < access-control-allow-origin: *
1 < x-dns-prefetch-control: off
1 < x-frame-options: SAMEORIGIN
1 < strict-transport-security: max-age=15552000; includeSubDomains
1 < x-download-options: noopen
1 < x-content-type-options: nosniff
1 < x-xss-protection: 1; mode=block
1 < content-type: application/json; charset=utf-8
1 < x-cloud-trace-context: 675591ad2b1ec46095e540649db51dbe
1 < date: Sat, 08 Aug 2026 15:27:59 GMT
1 < server: Google Frontend
1 < Content-Length: 82
{
    "message": "Cadastro realizado com sucesso",
    "_id": "qO0Imue19xA1OOWe"
}

]]></system-out>
  </testcase>
  <testcase name="[3:23] GET /usuarios/{_id} devuelve el usuario solicitado" classname="features/users/users" time="0.85">
    <system-out><![CDATA[10:27:59.254 [main] DEBUG com.intuit.karate - request:
1 > POST https://serverest.dev/usuarios
1 > Content-Type: application/json; charset=UTF-8
1 > Content-Length: 111
1 > Host: serverest.dev
1 > Connection: Keep-Alive
1 > User-Agent: Apache-HttpClient/4.5.14 (Java/17.0.16)
1 > Accept-Encoding: gzip,deflate
{"nome":"byid Automation","email":"byid-1786202879251@teste.com","password":"Teste@123","administrador":"true"}

10:27:59.660 [main] DEBUG com.intuit.karate - response time in milliseconds: 403
1 < 201
1 < access-control-allow-origin: *
1 < x-dns-prefetch-control: off
1 < x-frame-options: SAMEORIGIN
1 < strict-transport-security: max-age=15552000; includeSubDomains
1 < x-download-options: noopen
1 < x-content-type-options: nosniff
1 < x-xss-protection: 1; mode=block
1 < content-type: application/json; charset=utf-8
1 < x-cloud-trace-context: 1a09d9aa823e20214b1d4ecbcd0627d7
1 < date: Sat, 08 Aug 2026 15:27:59 GMT
1 < server: Google Frontend
1 < Content-Length: 82
{
    "message": "Cadastro realizado com sucesso",
    "_id": "Gd5mio8AP6lKDgz8"
}

10:27:59.668 [main] DEBUG com.intuit.karate - request:
2 > GET https://serverest.dev/usuarios/Gd5mio8AP6lKDgz8
2 > Host: serverest.dev
2 > Connection: Keep-Alive
2 > User-Agent: Apache-HttpClient/4.5.14 (Java/17.0.16)
2 > Accept-Encoding: gzip,deflate


10:28:00.087 [main] DEBUG com.intuit.karate - response time in milliseconds: 417
2 < 200
2 < access-control-allow-origin: *
2 < x-dns-prefetch-control: off
2 < x-frame-options: SAMEORIGIN
2 < strict-transport-security: max-age=15552000; includeSubDomains
2 < x-download-options: noopen
2 < x-content-type-options: nosniff
2 < x-xss-protection: 1; mode=block
2 < content-type: application/json; charset=utf-8
2 < x-cloud-trace-context: 9e57d3a9694d7171683c00545de1636d
2 < date: Sat, 08 Aug 2026 15:27:59 GMT
2 < server: Google Frontend
2 < Content-Length: 167
{
    "nome": "byid Automation",
    "email": "byid-1786202879251@teste.com",
    "password": "Teste@123",
    "administrador": "true",
    "_id": "Gd5mio8AP6lKDgz8"
}

]]></system-out>
  </testcase>
  <testcase name="[4:40] PUT /usuarios/{_id} actualiza un usuario" classname="features/users/users" time="0.833">
    <system-out><![CDATA[10:28:00.100 [main] DEBUG com.intuit.karate - request:
1 > POST https://serverest.dev/usuarios
1 > Content-Type: application/json; charset=UTF-8
1 > Content-Length: 109
1 > Host: serverest.dev
1 > Connection: Keep-Alive
1 > User-Agent: Apache-HttpClient/4.5.14 (Java/17.0.16)
1 > Accept-Encoding: gzip,deflate
{"nome":"put Automation","email":"put-1786202880098@teste.com","password":"Teste@123","administrador":"true"}

10:28:00.508 [main] DEBUG com.intuit.karate - response time in milliseconds: 405
1 < 201
1 < access-control-allow-origin: *
1 < x-dns-prefetch-control: off
1 < x-frame-options: SAMEORIGIN
1 < strict-transport-security: max-age=15552000; includeSubDomains
1 < x-download-options: noopen
1 < x-content-type-options: nosniff
1 < x-xss-protection: 1; mode=block
1 < content-type: application/json; charset=utf-8
1 < x-cloud-trace-context: bf3151e58b31179a05905a69d3f83fe7;o=1
1 < date: Sat, 08 Aug 2026 15:28:00 GMT
1 < server: Google Frontend
1 < Content-Length: 82
{
    "message": "Cadastro realizado com sucesso",
    "_id": "uAQzlVXIN1UxSUXL"
}

10:28:00.513 [main] DEBUG com.intuit.karate - request:
2 > PUT https://serverest.dev/usuarios/uAQzlVXIN1UxSUXL
2 > Content-Type: application/json; charset=UTF-8
2 > Content-Length: 122
2 > Host: serverest.dev
2 > Connection: Keep-Alive
2 > User-Agent: Apache-HttpClient/4.5.14 (Java/17.0.16)
2 > Accept-Encoding: gzip,deflate
{"nome":"Usuario Actualizado","password":"NovaSenha@123","administrador":"false","email":"update-1786202880512@teste.com"}

10:28:00.922 [main] DEBUG com.intuit.karate - response time in milliseconds: 407
2 < 200
2 < access-control-allow-origin: *
2 < x-dns-prefetch-control: off
2 < x-frame-options: SAMEORIGIN
2 < strict-transport-security: max-age=15552000; includeSubDomains
2 < x-download-options: noopen
2 < x-content-type-options: nosniff
2 < x-xss-protection: 1; mode=block
2 < content-type: application/json; charset=utf-8
2 < x-cloud-trace-context: 57e7fc2e4ee432545016aacc6e2b31c8
2 < date: Sat, 08 Aug 2026 15:28:00 GMT
2 < server: Google Frontend
2 < Content-Length: 50
{
    "message": "Registro alterado com sucesso"
}

]]></system-out>
  </testcase>
  <testcase name="[5:56] DELETE /usuarios/{_id} elimina un usuario" classname="features/users/users" time="1.092">
    <system-out><![CDATA[10:28:00.933 [main] DEBUG com.intuit.karate - request:
1 > POST https://serverest.dev/usuarios
1 > Content-Type: application/json; charset=UTF-8
1 > Content-Length: 115
1 > Host: serverest.dev
1 > Connection: Keep-Alive
1 > User-Agent: Apache-HttpClient/4.5.14 (Java/17.0.16)
1 > Accept-Encoding: gzip,deflate
{"nome":"delete Automation","email":"delete-1786202880932@teste.com","password":"Teste@123","administrador":"true"}

10:28:01.342 [main] DEBUG com.intuit.karate - response time in milliseconds: 406
1 < 201
1 < access-control-allow-origin: *
1 < x-dns-prefetch-control: off
1 < x-frame-options: SAMEORIGIN
1 < strict-transport-security: max-age=15552000; includeSubDomains
1 < x-download-options: noopen
1 < x-content-type-options: nosniff
1 < x-xss-protection: 1; mode=block
1 < content-type: application/json; charset=utf-8
1 < x-cloud-trace-context: c5ac845836c86dceb8d5e615752ca051
1 < date: Sat, 08 Aug 2026 15:28:01 GMT
1 < server: Google Frontend
1 < Content-Length: 82
{
    "message": "Cadastro realizado com sucesso",
    "_id": "FGWYi3wcgIp1n33W"
}

10:28:01.345 [main] DEBUG com.intuit.karate - request:
2 > DELETE https://serverest.dev/usuarios/FGWYi3wcgIp1n33W
2 > Host: serverest.dev
2 > Connection: Keep-Alive
2 > User-Agent: Apache-HttpClient/4.5.14 (Java/17.0.16)
2 > Accept-Encoding: gzip,deflate


10:28:01.781 [main] DEBUG com.intuit.karate - response time in milliseconds: 434
2 < 200
2 < access-control-allow-origin: *
2 < x-dns-prefetch-control: off
2 < x-frame-options: SAMEORIGIN
2 < strict-transport-security: max-age=15552000; includeSubDomains
2 < x-download-options: noopen
2 < x-content-type-options: nosniff
2 < x-xss-protection: 1; mode=block
2 < content-type: application/json; charset=utf-8
2 < x-cloud-trace-context: 39aef793c60c7fbbf43baa19e59514f9
2 < date: Sat, 08 Aug 2026 15:28:01 GMT
2 < server: Google Frontend
2 < Content-Length: 51
{
    "message": "Registro excluído com sucesso"
}

---------------------------------------------------------
feature: classpath:features/users/users.feature
scenarios:  5 | passed:  5 | failed:  0 | time: 3.5957
---------------------------------------------------------

Karate version: 1.5.0
======================================================
elapsed:  11.72 | threads:    1 | thread time: 9.14 
features:     6 | skipped:    0 | efficiency: 0.78
scenarios:   11 | passed:    11 | failed: 0
======================================================

HTML report: (paste into browser to view) | Karate version: 1.5.0
file:///D:/jets/Automation/retostecnicos/backendKarate/target/karate-reports/karate-summary.html
===================================================================

]]></system-out>
  </testcase>
</testsuite>