<?xml version="1.0" encoding="UTF-8"?>
<testsuite xmlns:xsi="http://www.w3.org/2001/XMLSchema-instance" xsi:noNamespaceSchemaLocation="https://maven.apache.org/surefire/maven-surefire-plugin/xsd/surefire-test-report-3.0.xsd" version="3.0" name="features.users.UsersRunner" time="7.394" tests="5" errors="0" skipped="0" failures="0">
  <properties>
[...]
</properties>
  <testcase name="[1:6] GET /usuarios retorna listado con estructura correcta" classname="features/users/users" time="2.354">
    <system-out><![CDATA[18:08:28.048 [main] DEBUG com.intuit.karate.Suite - [config] classpath:karate-config.js
18:08:29.252 [main] DEBUG com.intuit.karate - request:
1 > GET https://serverest.dev/usuarios
1 > Host: serverest.dev
1 > Connection: Keep-Alive
1 > User-Agent: Apache-HttpClient/4.5.14 (Java/17.0.16)
1 > Accept-Encoding: gzip,deflate


18:08:30.325 [main] DEBUG com.intuit.karate - response time in milliseconds: 1060
1 < 200
1 < access-control-allow-origin: *
1 < x-dns-prefetch-control: off
1 < x-frame-options: SAMEORIGIN
1 < strict-transport-security: max-age=15552000; includeSubDomains
1 < x-download-options: noopen
1 < x-content-type-options: nosniff
1 < x-xss-protection: 1; mode=block
1 < content-type: application/json; charset=utf-8
1 < x-cloud-trace-context: 0dd503a261f38582d58b7a772b83b198;o=1
1 < date: Sat, 08 Aug 2026 23:08:29 GMT
1 < server: Google Frontend
1 < Content-Length: 280538
{
    "quantidade": 1147,
    "usuarios": [
        {
            "nome": "k6 Load User 11_7_1786224513160",
            "email": "k6_11_7_1786224513160@teste.com",
            "password": "Teste@123",
            "administrador": "false",
            "_id": "0225aDGfG5SSYyRa"
        },
        {
            "nome": "k6 Load User 2_46_1786224540951",
            "email": "k6_2_46_1786224540951@teste.com",
            "password": "Teste@123",
            "administrador": "false",
            "_id": "05CV8Se0jKcTNzhf"
        },
        {
            "nome": "k6 Load User 2_36_1786224530497",
            "email": "k6_2_36_1786224530497@teste.com",
            "password": "Teste@123",
            "administrador": "false",
            "_id": "093rrvzidzAcQe2T"
        },
        {
            "nome": "k6 Load User 1_17_1786227991112",
            "email": "k6_1_17_1786227991112@teste.com",
            "password": "Teste@123",
            "administrador": "false",
            "_id": "0BMBDgowNKCU70AE"
        },
        {
            "nome": "k6 Load User 4_20_1786224518210",
            "email": "k6_4_20_1786224518210@teste.com",
            "password": "Teste@123",
            "administrador": "false",
            "_id": "0DALSJwrl6sI5RxX"
        },
        {
            "nome": "k6 Load User 10_30_1786228012972",
            "email": "k6_10_30_1786228012972@teste.com",
            "password": "Teste@123",
            "administrador": "false",
            "_id": "0HoRIBJMupKNRLtJ"
        },
        {
            "nome": "k6 Load User 6_11_1786224509913",
            "email": "k6_6_11_1786224509913@teste.com",
            "password": "Teste@123",
            "administrador": "false",
            "_id": "0LXgTcQhLYVKlqBY"
        },
        {
            "nome": "k6 Load User 2_46_1786228020047",
            "email": "k6_2_46_1786228020047@teste.com",
            "password": "Teste@123",
            "administrador": "false",
            "_id": "0Lh7PCprRvOGW3Ru"
        },
        {
            "nome": "k6 Load User 5_22_1786224518090",
            "email": "k6_5_22_1786224518090@teste.com",
            "password": "Teste@123",
            "administrador": "false",
            "_id": "0RQuuo9ubiaS0bkd"
        },
        {
            "nome": "k6 Load User 9_9_1786227989261",
            "email": "k6_9_9_1786227989261@teste.com",
            "password": "Teste@123",
            "administrador": "false",
            "_id": "0SfqTwmRDDHpXt4I"
        },
        {
            "nome": "k6 Load User 15_1_1786228002597",
            "email": "k6_15_1_1786228002597@teste.com",
            "password": "Teste@123",
            "administrador": "false",
            "_id": "0WXVQZ2KS7RDZWxX"
        },
        {
            "nome": "k6 Load User 2_21_1786224514813",
            "email": "k6_2_21_1786224514813@teste.com",
            "password": "Teste@123",
            "administrador": "false",
            "_id": "0YgMWKqCpxRFuqPq"
        },
        {
            "nome": "k6 Load User 7_17_1786224526643",
            "email": "k6_7_17_1786224526643@teste.com",
            "password": "Teste@123",
            "administrador": "false",
            "_id": "0ZAYPBPIna5AOSau"
        },
        {
            "nome": "k6 Load User 6_2_1786227978219",
            "email": "k6_6_2_1786227978219@teste.com",
            "password": "Teste@123",
            "administrador": "false",
            "_id": "0bdRAkt0fxnmu9Nn"
        },
        {
            "nome": "k6 Load User 17_11_1786228010341",
            "email": "k6_17_11_1786228010341@teste.com",
            "password": "Teste@123",
            "administrador": "false",
            "_id": "0gFloScIgXWsssbZ"
        },
        {
            "nome": "k6 Load User 8_4_1786227982753",
            "email": "k6_8_4_1786227982753@teste.com",
            "password": "Teste@123",
            "administrador": "false",
            "_id": "0iQ548f96QTHTUly"
        },
        {
            "nome": "Fulano da Silva",
            "email": "fulano@qa.com",
            "password": "teste",
            "administrador": "true",
            "_id": "0uxuPY0cbmQhpEz1"
        },
        {
            "nome": "k6 Load User 5_7_1786224502381",
            "email": "k6_5_7_1786224502381@teste.com",
            "password": "Teste@123",
            "administrador": "false",
            "_id": "0zGwFbpJFIvzPBJy"
        },
        {
            "nome": "k6 Load User 3_34_1786228011766",
            "email": "k6_3_34_1786228011766@teste.com",
            "password": "Teste@123",
            "administrador": "false",
            "_id": "13x6fVImJmNx5wYy"
        },
        {
            "nome": "k6 Load User 17_11_1786224529319",
            "email": "k6_17_11_1786224529319@teste.com",
            "password": "Teste@123",
            "administrador": "false",
            "_id": "14P4p99kU3A3aE7u"
        },
        {
            "nome": "k6 Load User 6_0_1786227976042",
            "email": "k6_6_0_1786227976042@teste.com",
            "password": "Teste@123",
            "administrador": "false",
            "_id": "18E7Wu7mcRpmSee6"
        },
        {
            "nome": "k6 Load User 2_40_1786228013590",
            "email": "k6_2_40_1786228013590@teste.com",
            "password": "Teste@123",
            "administrador": "false",
            "_id": "1AqzEAk49VHNXO3p"
        },
        {
            "nome": "k6 Load User 3_2_1786227977153",
            "email": "k6_3_2_1786227977153@teste.com",
            "password": "Teste@123",
            "administrador": "false",
            "_id": "1MYF8A0NwTAvWYws"
        },
        {
            "nome": "k6 Load User 1_28_1786224523222",
            "email": "k6_1_28_1786224523222@teste.com",
            "password": "Teste@123",
            "administrador": "false",
            "_id": "1NpdFbG4vlCNXPGW"
        },
        {
            "nome": "k6 Load User 6_4_1786224502579",
            "email": "k6_6_4_1786224502579@teste.com",
            "password": "Teste@123",
            "administrador": "false",
            "_id": "1NsBSprcf8vtSqCy"
        },
        {
            "nome": "k6 Load User 4_15_1786224512971",
            "email": "k6_4_15_1786224512971@teste.com",
            "password": "Teste@123",
            "administrador": "false",
            "_id": "1O6yKncIIw1CMCeT"
        },
        {
            "nome": "k6 Load User 13_18_1786224530652",
            "email": "k6_13_18_1786224530652@teste.com",
            "password": "Teste@123",
            "administrador": "false",
            "_id": "1S5sTfHjIaDV8ltA"
        },
        {
            "nome": "k6 Load User 4_18_1786227991097",
            "email": "k6_4_18_1786227991097@teste.com",
            "password": "Teste@123",
            "administrador": "false",
            "_id": "1SZUn4cboTBh6Cv9"
        },
        {
            "nome": "k6 Load User 9_16_1786224517342",
            "email": "k6_9_16_1786224517342@teste.com",
            "password": "Teste@123",
            "administrador": "false",
            "_id": "1TV3WROD3Gsfxdf6"
        },
        {
            "nome": "k6 Load User 2_34_1786228007144",
            "email": "k6_2_34_1786228007144@teste.com",
            "password": "Teste@123",
            "administrador": "false",
            "_id": "1TWyI5jriLdjAXHj"
        },
        {
            "nome": "k6 Load User 5_43_1786224540045",
            "email": "k6_5_43_1786224540045@teste.com",
            "password": "Teste@123",
            "administrador": "false",
            "_id": "1Yhi7CovqAojHDg5"
        },
        {
            "nome": "k6 Load User 13_23_1786228011254",
            "email": "k6_13_23_1786228011254@teste.com",
            "password": "Teste@123",
            "administrador": "false",
            "_id": "1dFMcmDU4oJpfQTe"
        },
        {
            "nome": "k6 Load User 3_38_1786224535934",
            "email": "k6_3_38_1786224535934@teste.com",
            "password": "Teste@123",
            "administrador": "false",
            "_id": "1ezjIoKBQ8cqID3L"
        },
        {
            "nome": "k6 Load User 5_41_1786228018113",
            "email": "k6_5_41_1786228018113@teste.com",
            "password": "Teste@123",
            "administrador": "false",
            "_id": "1klEA1mpJ6R9J9KT"
        },
        {
            "nome": "k6 Load User 9_8_1786224508967",
            "email": "k6_9_8_1786224508967@teste.com",
            "password": "Teste@123",
            "administrador": "false",
            "_id": "1qmY63OSG65TGO2H"
        },
        {
            "nome": "k6 Load User 9_15_1786224516292",
            "email": "k6_9_15_1786224516292@teste.com",
            "password": "Teste@123",
            "administrador": "false",
            "_id": "1vo2dydLufA1UkzO"
        },
        {
            "nome": "k6 Load User 18_2_1786228006662",
            "email": "k6_18_2_1786228006662@teste.com",
            "password": "Teste@123",
            "administrador": "false",
            "_id": "1w620Fz4VvWqtyDS"
        },
        {
            "nome": "k6 Load User 12_33_1786224537361",
            "email": "k6_12_33_1786224537361@teste.com",
            "password": "Teste@123",
            "administrador": "false",
            "_id": "1wvQ2oZOqjA1pynl"
        },
        {
            "nome": "k6 Load User 15_8_1786228010145",
            "email": "k6_15_8_1786228010145@teste.com",
            "password": "Teste@123",
            "administrador": "false",
            "_id": "1yKIHFVuU3ad0c4s"
        },
        {
            "nome": "k6 Load User 4_23_1786227996471",
            "email": "k6_4_23_1786227996471@teste.com",
            "password": "Teste@123",
            "administrador": "false",
            "_id": "22P1w2uvGje406i7"
        },
        {
            "nome": "k6 Load User 3_24_1786224521301",
            "email": "k6_3_24_1786224521301@teste.com",
            "password": "Teste@123",
            "administrador": "false",
            "_id": "22sy1PdKqIy3l8qB"
        },
        {
            "nome": "k6 Load User 9_21_1786228002253",
            "email": "k6_9_21_1786228002253@teste.com",
            "password": "Teste@123",
            "administrador": "false",
            "_id": "23QplhLOmwhH5Upj"
        },
        {
            "nome": "k6 Load User 17_0_1786227998486",
            "email": "k6_17_0_1786227998486@teste.com",
            "password": "Teste@123",
            "administrador": "false",
            "_id": "2AGebcssFCye84Fa"
        },
        {
            "nome": "k6 Load User 6_35_1786224535085",
            "email": "k6_6_35_1786224535085@teste.com",
            "password": "Teste@123",
            "administrador": "false",
            "_id": "2AcxOLEypl4KKIPF"
        },
        {
            "nome": "k6 Load User 7_15_1786227993595",
            "email": "k6_7_15_1786227993595@teste.com",
            "password": "Teste@123",
            "administrador": "false",
            "_id": "2EZ1wa1NdosC0yYJ"
        },
        {
            "nome": "k6 Load User 11_26_1786224533035",
            "email": "k6_11_26_1786224533035@teste.com",
            "password": "Teste@123",
            "administrador": "false",
            "_id": "2HUmg1uWlCSNK68d"
        },
        {
            "nome": "k6 Load User 9_12_1786224513154",
            "email": "k6_9_12_1786224513154@teste.com",
            "password": "Teste@123",
            "administrador": "false",
            "_id": "2IbhWMEsg8ryhCL5"
        },
        {
            "nome": "k6 Load User 7_8_1786224517201",
            "email": "k6_7_8_1786224517201@teste.com",
            "password": "Teste@123",
            "administrador": "false",
            "_id": "2LSBuGa5l77J8h6J"
        },
        {
            "nome": "k6 Load User 14_11_1786228001341",
            "email": "k6_14_11_1786228001341@teste.com",
            "password": "Teste@123",
            "administrador": "false",
            "_id": "2SxZekia1qdpKfjG"
        },
        {
            "nome": "k6 Load User 10_4_1786227984990",
            "email": "k6_10_4_1786227984990@teste.com",
            "password": "Teste@123",
            "administrador": "false",
            "_id": "2URg19zfkDX80NbA"
        },
        {
            "nome": "k6 Load User 10_1_1786227981764",
            "email": "k6_10_1_1786227981764@teste.com",
            "password": "Teste@123",
            "administrador": "false",
            "_id": "2WKDJWBosBKAfJDt"
        },
        {
            "nome": "k6 Load User 10_5_1786224504723",
            "email": "k6_10_5_1786224504723@teste.com",
            "password": "Teste@123",
            "administrador": "false",
            "_id": "2XCmFct1MqcdWVaB"
        },
        {
            "nome": "k6 Load User 10_28_1786224528793",
            "email": "k6_10_28_1786224528793@teste.com",
            "password": "Teste@123",
            "administrador": "false",
            "_id": "2kuCZhEE7hFGGHhH"
        },
        {
            "nome": "k6 Load User 5_24_1786227999823",
            "email": "k6_5_24_1786227999823@teste.com",
            "password": "Teste@123",
            "administrador": "false",
            "_id": "2lYoRLYcsiKJMkIJ"
        },
        {
            "nome": "k6 Load User 2_35_1786224529453",
            "email": "k6_2_35_1786224529453@teste.com",
            "password": "Teste@123",
            "administrador": "false",
            "_id": "2nBvggjjuaUeuIP8"
        },
        {
            "nome": "k6 Load User 2_37_1786228010373",
            "email": "k6_2_37_1786228010373@teste.com",
            "password": "Teste@123",
            "administrador": "false",
            "_id": "2tFQolXo8CfjQiHi"
        },
        {
            "nome": "administrador",
            "email": "teste.2424@example.com",
            "password": "pwd123",
            "administrador": "true",
            "_id": "2tm14123IRUB83Bm"
        },
        {
            "nome": "k6 Load User 10_33_1786224534048",
            "email": "k6_10_33_1786224534048@teste.com",
            "password": "Teste@123",
            "administrador": "false",
            "_id": "2u1pIeLeV9Js0u5G"
        },
        {
            "nome": "k6 Load User 3_25_1786228002057",
            "email": "k6_3_25_1786228002057@teste.com",
            "password": "Teste@123",
            "administrador": "false",
            "_id": "2yn3Uir1uxMmhWyA"
        },
        {
            "nome": "k6 Load User 15_5_1786228006905",
            "email": "k6_15_5_1786228006905@teste.com",
            "password": "Teste@123",
            "administrador": "false",
            "_id": "31r44NofWAYCdpSN"
        },
        {
            "nome": "k6 Load User 12_26_1786228011486",
            "email": "k6_12_26_1786228011486@teste.com",
            "password": "Teste@123",
            "administrador": "false",
            "_id": "32q5iPc2ijp9l72z"
        },
        {
            "nome": "k6 Load User 12_12_1786224515374",
            "email": "k6_12_12_1786224515374@teste.com",
            "password": "Teste@123",
            "administrador": "false",
            "_id": "33sfxBGJvRiwfpE1"
        },
        {
            "nome": "k6 Load User 1_36_1786228011551",
            "email": "k6_1_36_1786228011551@teste.com",
            "password": "Teste@123",
            "administrador": "false",
            "_id": "341d9pFSxrWrljXh"
        },
        {
            "nome": "k6 Load User 1_8_1786224502312",
            "email": "k6_1_8_1786224502312@teste.com",
            "password": "Teste@123",
            "administrador": "false",
            "_id": "3EsU5BdZJIUUBIs9"
        },
        {
            "nome": "k6 Load User 8_22_1786228002171",
            "email": "k6_8_22_1786228002171@teste.com",
            "password": "Teste@123",
            "administrador": "false",
            "_id": "3F98zRwaLtwHnjbJ"
        },
        {
            "nome": "k6 Load User 9_36_1786224538316",
            "email": "k6_9_36_1786224538316@teste.com",
            "password": "Teste@123",
            "administrador": "false",
            "_id": "3GM8ihxuXziWVyVw"
        },
        {
            "nome": "k6 Load User 12_29_1786224533191",
            "email": "k6_12_29_1786224533191@teste.com",
            "password": "Teste@123",
            "administrador": "false",
            "_id": "3OM1twTFMH9kKFYl"
        },
        {
            "nome": "k6 Load User 19_2_1786224531923",
            "email": "k6_19_2_1786224531923@teste.com",
            "password": "Teste@123",
            "administrador": "false",
            "_id": "3OjqxJVp0awmn6zB"
        },
        {
            "nome": "k6 Load User 3_39_1786224536979",
            "email": "k6_3_39_1786224536979@teste.com",
            "password": "Teste@123",
            "administrador": "false",
            "_id": "3YUIpEHlVI56pgeA"
        },
        {
            "nome": "k6 Load User 8_28_1786228008633",
            "email": "k6_8_28_1786228008633@teste.com",
            "password": "Teste@123",
            "administrador": "false",
            "_id": "3dbPnFiUF2TmqqaG"
        },
        {
            "nome": "k6 Load User 3_7_1786227982680",
            "email": "k6_3_7_1786227982680@teste.com",
            "password": "Teste@123",
            "administrador": "false",
            "_id": "3eFfVu6jyTjQenh9"
        },
        {
            "nome": "k6 Load User 6_29_1786224528766",
            "email": "k6_6_29_1786224528766@teste.com",
            "password": "Teste@123",
            "administrador": "false",
            "_id": "3edmIhVrhayqmcSE"
        },
        {
            "nome": "k6 Load User 9_9_1786224510011",
            "email": "k6_9_9_1786224510011@teste.com",
            "password": "Teste@123",
            "administrador": "false",
            "_id": "3j3Jag3vITvIdcoB"
        },
        {
            "nome": "k6 Load User 13_4_1786224516016",
            "email": "k6_13_4_1786224516016@teste.com",
            "password": "Teste@123",
            "administrador": "false",
            "_id": "3r2zAsBpbD5QpAQ6"
        },
        {
            "nome": "k6 Load User 12_27_1786224531100",
            "email": "k6_12_27_1786224531100@teste.com",
            "password": "Teste@123",
            "administrador": "false",
            "_id": "3x398Ji2qyeAEo4s"
        },
        {
            "nome": "k6 Load User 11_17_1786228010879",
            "email": "k6_11_17_1786228010879@teste.com",
            "password": "Teste@123",
            "administrador": "false",
            "_id": "3xrb5iTyP7PBwvkM"
        },
        {
            "nome": "k6 Load User 2_38_1786228011444",
            "email": "k6_2_38_1786228011444@teste.com",
            "password": "Teste@123",
            "administrador": "false",
            "_id": "3yapD3IFkrUxumy5"
        },
        {
            "nome": "k6 Load User 14_0_1786227989486",
            "email": "k6_14_0_1786227989486@teste.com",
            "password": "Teste@123",
            "administrador": "false",
            "_id": "3zpZuqLscdE3jLrl"
        },
        {
            "nome": "k6 Load User 16_14_1786228010541",
            "email": "k6_16_14_1786228010541@teste.com",
            "password": "Teste@123",
            "administrador": "false",
            "_id": "42IDkZC3JPRzlhJX"
        },
        {
            "nome": "k6 Load User 15_3_1786224526963",
            "email": "k6_15_3_1786224526963@teste.com",
            "password": "Teste@123",
            "administrador": "false",
            "_id": "42sKqFFH2hHHREvz"
        },
        {
            "nome": "k6 Load User 1_24_1786224519023",
            "email": "k6_1_24_1786224519023@teste.com",
            "password": "Teste@123",
            "administrador": "false",
            "_id": "42wLPqgF3z5CV6Z5"
        },
        {
            "nome": "k6 Load User 5_16_1786224511795",
            "email": "k6_5_16_1786224511795@teste.com",
            "password": "Teste@123",
            "administrador": "false",
            "_id": "497d9K5HfAiYWUn7"
        },
        {
            "nome": "k6 Load User 16_8_1786224523185",
            "email": "k6_16_8_1786224523185@teste.com",
            "password": "Teste@123",
            "administrador": "false",
            "_id": "4Czaw9722dEm3spd"
        },
        {
            "nome": "k6 Load User 2_33_1786224527366",
            "email": "k6_2_33_1786224527366@teste.com",
            "password": "Teste@123",
            "administrador": "false",
            "_id": "4L7SMqLb7MK25WJC"
        },
        {
            "nome": "k6 Load User 9_2_1786227981715",
            "email": "k6_9_2_1786227981715@teste.com",
            "password": "Teste@123",
            "administrador": "false",
            "_id": "4O0efwfIeGMJexHx"
        },
        {
            "nome": "k6 Load User 5_9_1786224504478",
            "email": "k6_5_9_1786224504478@teste.com",
            "password": "Teste@123",
            "administrador": "false",
            "_id": "4Qv3ecUEmC6gOsuf"
        },
        {
            "nome": "k6 Load User 7_26_1786224536050",
            "email": "k6_7_26_1786224536050@teste.com",
            "password": "Teste@123",
            "administrador": "false",
            "_id": "4RbknmmotDYW9yeN"
        },
        {
            "nome": "k6 Load User 10_21_1786228003312",
            "email": "k6_10_21_1786228003312@teste.com",
            "password": "Teste@123",
            "administrador": "false",
            "_id": "4TlXXAbBt9XF5i5A"
        },
        {
            "nome": "k6 Load User 12_31_1786224535276",
            "email": "k6_12_31_1786224535276@teste.com",
            "password": "Teste@123",
            "administrador": "false",
            "_id": "4a7vM1EaNAQtdRMQ"
        },
        {
            "nome": "k6 Load User 12_3_1786227986743",
            "email": "k6_12_3_1786227986743@teste.com",
            "password": "Teste@123",
            "administrador": "false",
            "_id": "4djPILuBFrFRcNGR"
        },
        {
            "nome": "k6 Load User 2_18_1786224511675",
            "email": "k6_2_18_1786224511675@teste.com",
            "password": "Teste@123",
            "administrador": "false",
            "_id": "4eSCeALti8eq3ig1"
        },
        {
            "nome": "k6 Load User 7_34_1786228014097",
            "email": "k6_7_34_1786228014097@teste.com",
            "password": "Teste@123",
            "administrador": "false",
            "_id": "4fsM1tskZaXDbdLC"
        },
        {
            "nome": "k6 Load User 11_24_1786224530927",
            "email": "k6_11_24_1786224530927@teste.com",
            "password": "Teste@123",
            "administrador": "false",
            "_id": "4k66RlV5KPJ0RBuJ"
        },
        {
            "nome": "k6 Load User 4_14_1786227986797",
            "email": "k6_4_14_1786227986797@teste.com",
            "password": "Teste@123",
            "administrador": "false",
            "_id": "4lNZQUqD2P0mmd1F"
        },
        {
            "nome": "k6 Load User 4_19_1786224517164",
            "email": "k6_4_19_1786224517164@teste.com",
            "password": "Teste@123",
            "administrador": "false",
            "_id": "4plJB9RhzOuU9dTO"
        },
        {
            "nome": "k6 Load User 3_29_1786228006384",
            "email": "k6_3_29_1786228006384@teste.com",
            "password": "Teste@123",
            "administrador": "false",
            "_id": "4uo8jWcNYQzoWt9m"
        },
        {
            "nome": "k6 Load User 10_14_1786224514137",
            "email": "k6_10_14_1786224514137@teste.com",
            "password": "Teste@123",
            "administrador": "false",
            "_id": "4xu3bV0tYjpxcM9z"
        },
        {
            "nome": "k6 Load User 13_2_1786227988658",
            "email": "k6_13_2_1786227988658@teste.com",
            "password": "Teste@123",
            "administrador": "false",
            "_id": "4ybz6mqFhzgWAlDT"
        },
        {
            "nome": "k6 Load User 5_10_1786227984773",
            "email": "k6_5_10_1786227984773@teste.com",
            "password": "Teste@123",
            "administrador": "false",
            "_id": "4zOIBhXdXOfFx8iF"
        },
        {
            "nome": "k6 Load User 3_32_1786228009616",
            "email": "k6_3_32_1786228009616@teste.com",
            "password": "Teste@123",
            "administrador": "false",
            "_id": "50F1KJ8wNuzdfL9J"
        },
        {
            "nome": "k6 Load User 8_20_1786224522655",
            "email": "k6_8_20_1786224522655@teste.com",
            "password": "Teste@123",
            "administrador": "false",
            "_id": "50GiZGDP7ODMEEJ2"
        },
        {
            "nome": "k6 Load User 3_21_1786227997749",
            "email": "k6_3_21_1786227997749@teste.com",
            "password": "Teste@123",
            "administrador": "false",
            "_id": "543INo0qk5polUTh"
        },
        {
            "nome": "Corine",
            "email": "Wava96@yahoo.com",
            "password": "wLtx0styFGdPyB4",
            "administrador": "true",
            "_id": "55GL6xi4AyKFZKYh"
        },
        {
            "nome": "k6 Load User 9_34_1786224536227",
            "email": "k6_9_34_1786224536227@teste.com",
            "password": "Teste@123",
            "administrador": "false",
            "_id": "5B5a3aybiHL21PYT"
        },
        {
            "nome": "k6 Load User 13_15_1786224527513",
            "email": "k6_13_15_1786224527513@teste.com",
            "password": "Teste@123",
            "administrador": "false",
            "_id": "5BFKAZJ0sKoOGTnS"
        },
        {
            "nome": "k6 Load User 6_12_1786224510960",
            "email": "k6_6_12_1786224510960@teste.com",
            "password": "Teste@123",
            "administrador": "false",
            "_id": "5BmDiL85weYgVv7V"
        },
        {
            "nome": "k6 Load User 3_38_1786228016054",
            "email": "k6_3_38_1786228016054@teste.com",
            "password": "Teste@123",
            "administrador": "false",
            "_id": "5DjX8nE0qH9id6YC"
        },
        {
            "nome": "k6 Load User 16_0_1786224514795",
            "email": "k6_16_0_1786224514795@teste.com",
            "password": "Teste@123",
            "administrador": "false",
            "_id": "5INRkyzpR0b2Csgn"
        },
        {
            "nome": "k6 Load User 9_33_1786228015153",
            "email": "k6_9_33_1786228015153@teste.com",
            "password": "Teste@123",
            "administrador": "false",
            "_id": "5IjhsQpqD8synQoT"
        },
        {
            "nome": "k6 Load User 5_36_1786228012734",
            "email": "k6_5_36_1786228012734@teste.com",
            "password": "Teste@123",
            "administrador": "false",
            "_id": "5KY5EPtROg2dJm3H"
        },
        {
            "nome": "k6 Load User 4_17_1786227990014",
            "email": "k6_4_17_1786227990014@teste.com",
            "password": "Teste@123",
            "administrador": "false",
            "_id": "5Q59SbT6iFnTheYi"
        },
        {
            "nome": "k6 Load User 9_8_1786227988185",
            "email": "k6_9_8_1786227988185@teste.com",
            "password": "Teste@123",
            "administrador": "false",
            "_id": "5QE7WriyZDJFt9X8"
        },
        {
            "nome": "k6 Load User 8_28_1786224531030",
            "email": "k6_8_28_1786224531030@teste.com",
            "password": "Teste@123",
            "administrador": "false",
            "_id": "5TNNqlODQfin9UCN"
        },
        {
            "nome": "k6 Load User 8_4_1786224505893",
            "email": "k6_8_4_1786224505893@teste.com",
            "password": "Teste@123",
            "administrador": "false",
            "_id": "5TvZ5U0JnLahEt91"
        },
        {
            "nome": "k6 Load User 2_7_1786227978062",
            "email": "k6_2_7_1786227978062@teste.com",
            "password": "Teste@123",
            "administrador": "false",
            "_id": "5UYXz1TIIUsg43c4"
        },
        {
            "nome": "k6 Load User 16_12_1786224527372",
            "email": "k6_16_12_1786224527372@teste.com",
            "password": "Teste@123",
            "administrador": "false",
            "_id": "5VijaaOoQTkS8yqS"
        },
        {
            "nome": "k6 Load User 5_31_1786224527495",
            "email": "k6_5_31_1786224527495@teste.com",
            "password": "Teste@123",
            "administrador": "false",
            "_id": "5VonJ4c4VahYhY7v"
        },
        {
            "nome": "k6 Load User 8_23_1786228003253",
            "email": "k6_8_23_1786228003253@teste.com",
            "password": "Teste@123",
            "administrador": "false",
            "_id": "5XDrRu0pp0T5GCSl"
        },
        {
            "nome": "k6 Load User 10_8_1786227989293",
            "email": "k6_10_8_1786227989293@teste.com",
            "password": "Teste@123",
            "administrador": "false",
            "_id": "5dsI6eVY1a5Hw2P1"
        },
        {
            "nome": "k6 Load User 8_5_1786224506938",
            "email": "k6_8_5_1786224506938@teste.com",
            "password": "Teste@123",
            "administrador": "false",
            "_id": "5eLisvmc0CYrDxG8"
        },
        {
            "nome": "k6 Load User 12_4_1786224507013",
            "email": "k6_12_4_1786224507013@teste.com",
            "password": "Teste@123",
            "administrador": "false",
            "_id": "5f20U1JekhDBRb8E"
        },
        {
            "nome": "k6 Load User 19_1_1786224530876",
            "email": "k6_19_1_1786224530876@teste.com",
            "password": "Teste@123",
            "administrador": "false",
            "_id": "5iWTK26l4QwkKu1u"
        },
        {
            "nome": "k6 Load User 3_0_1786227974930",
            "email": "k6_3_0_1786227974930@teste.com",
            "password": "Teste@123",
            "administrador": "false",
            "_id": "5kw48oSmybbV00KW"
        },
        {
            "nome": "k6 Load User 9_3_1786224503733",
            "email": "k6_9_3_1786224503733@teste.com",
            "password": "Teste@123",
            "administrador": "false",
            "_id": "5omkxNHbWEKP9P86"
        },
        {
            "nome": "k6 Load User 3_28_1786224525482",
            "email": "k6_3_28_1786224525482@teste.com",
            "password": "Teste@123",
            "administrador": "false",
            "_id": "5q0Z6Si2bXsMfVVh"
        },
        {
            "nome": "k6 Load User 10_11_1786224511003",
            "email": "k6_10_11_1786224511003@teste.com",
            "password": "Teste@123",
            "administrador": "false",
            "_id": "5qeziCQzgo2Weo4D"
        },
        {
            "nome": "k6 Load User 13_18_1786228005865",
            "email": "k6_13_18_1786228005865@teste.com",
            "password": "Teste@123",
            "administrador": "false",
            "_id": "5scEMm3QWmFvYxNV"
        },
        {
            "nome": "k6 Load User 14_1_1786224521872",
            "email": "k6_14_1_1786224521872@teste.com",
            "password": "Teste@123",
            "administrador": "false",
            "_id": "5tQMj700IC24PYvr"
        },
        {
            "nome": "k6 Load User 2_28_1786224522133",
            "email": "k6_2_28_1786224522133@teste.com",
            "password": "Teste@123",
            "administrador": "false",
            "_id": "5vTALkFpibjjYn1Y"
        },
        {
            "nome": "k6 Load User 8_25_1786224527891",
            "email": "k6_8_25_1786224527891@teste.com",
            "password": "Teste@123",
            "administrador": "false",
            "_id": "5zwGJSpcYIUq5F8U"
        },
        {
            "nome": "k6 Load User 6_33_1786228011695",
            "email": "k6_6_33_1786228011695@teste.com",
            "password": "Teste@123",
            "administrador": "false",
            "_id": "61bKcENA1e5FfaLg"
        },
        {
            "nome": "k6 Load User 3_15_1786224511869",
            "email": "k6_3_15_1786224511869@teste.com",
            "password": "Teste@123",
            "administrador": "false",
            "_id": "67zrzoGyFdD9ALgR"
        },
        {
            "nome": "k6 Load User 13_1_1786227987583",
            "email": "k6_13_1_1786227987583@teste.com",
            "password": "Teste@123",
            "administrador": "false",
            "_id": "68z7FMwvox5CZpAN"
        },
        {
            "nome": "k6 Load User 2_18_1786227989927",
            "email": "k6_2_18_1786227989927@teste.com",
            "password": "Teste@123",
            "administrador": "false",
            "_id": "6GM2khYnEtb59aSk"
        },
        {
            "nome": "k6 Load User 9_17_1786227997911",
            "email": "k6_9_17_1786227997911@teste.com",
            "password": "Teste@123",
            "administrador": "false",
            "_id": "6LIxAjqIF4tORRpr"
        },
        {
            "nome": "k6 Load User 13_26_1786228014474",
            "email": "k6_13_26_1786228014474@teste.com",
            "password": "Teste@123",
            "administrador": "false",
            "_id": "6LLnFFJwheI1Gpef"
        },
        {
            "nome": "k6 Load User 7_16_1786224525596",
            "email": "k6_7_16_1786224525596@teste.com",
            "password": "Teste@123",
            "administrador": "false",
            "_id": "6LRhor14TenWrJrJ"
        },
        {
            "nome": "k6 Load User 14_8_1786224529191",
            "email": "k6_14_8_1786224529191@teste.com",
            "password": "Teste@123",
            "administrador": "false",
            "_id": "6Lkip2r4CPixNIea"
        },
        {
            "nome": "k6 Load User 8_16_1786224518467",
            "email": "k6_8_16_1786224518467@teste.com",
            "password": "Teste@123",
            "administrador": "false",
            "_id": "6OxMPtTLSw9uxYmQ"
        },
        {
            "nome": "k6 Load User 8_8_1786227987059",
            "email": "k6_8_8_1786227987059@teste.com",
            "password": "Teste@123",
            "administrador": "false",
            "_id": "6PJt9I8IFMGStyoO"
        },
        {
            "nome": "k6 Load User 3_17_1786224513961",
            "email": "k6_3_17_1786224513961@teste.com",
            "password": "Teste@123",
            "administrador": "false",
            "_id": "6SrTRZt04K73grRk"
        },
        {
            "nome": "k6 Load User 6_21_1786224520389",
            "email": "k6_6_21_1786224520389@teste.com",
            "password": "Teste@123",
            "administrador": "false",
            "_id": "6UIcLuHH7aPscHA3"
        },
        {
            "nome": "k6 Load User 9_23_1786224524663",
            "email": "k6_9_23_1786224524663@teste.com",
            "password": "Teste@123",
            "administrador": "false",
            "_id": "6Yu6CAuHWha0EDt4"
        },
        {
            "nome": "k6 Load User 8_35_1786224538349",
            "email": "k6_8_35_1786224538349@teste.com",
            "password": "Teste@123",
            "administrador": "false",
            "_id": "6bLCABTBI33vM6yk"
        },
        {
            "nome": "k6 Load User 6_6_1786224504680",
            "email": "k6_6_6_1786224504680@teste.com",
            "password": "Teste@123",
            "administrador": "false",
            "_id": "6eUMi21lyIc2SnDp"
        },
        {
            "nome": "k6 Load User 8_9_1786227988133",
            "email": "k6_8_9_1786227988133@teste.com",
            "password": "Teste@123",
            "administrador": "false",
            "_id": "6hagFkwsuWZTIcQ6"
        },
        {
            "nome": "k6 Load User 7_2_1786227979412",
            "email": "k6_7_2_1786227979412@teste.com",
            "password": "Teste@123",
            "administrador": "false",
            "_id": "6luTBTcq3TbfFF2A"
        },
        {
            "nome": "k6 Load User 4_15_1786227987867",
            "email": "k6_4_15_1786227987867@teste.com",
            "password": "Teste@123",
            "administrador": "false",
            "_id": "6tkPkDjmOrconbRb"
        },
        {
            "nome": "k6 Load User 8_24_1786228004328",
            "email": "k6_8_24_1786228004328@teste.com",
            "password": "Teste@123",
            "administrador": "false",
            "_id": "6zc3VoIAHMoeTf3h"
        },
        {
            "nome": "k6 Load User 4_37_1786224536013",
            "email": "k6_4_37_1786224536013@teste.com",
            "password": "Teste@123",
            "administrador": "false",
            "_id": "7401fFWrRxgNggun"
        },
        {
            "nome": "k6 Load User 10_3_1786224502633",
            "email": "k6_10_3_1786224502633@teste.com",
            "password": "Teste@123",
            "administrador": "false",
            "_id": "761SILMNNL8IpC34"
        },
        {
            "nome": "k6 Load User 3_1_1786224497204",
            "email": "k6_3_1_1786224497204@teste.com",
            "password": "Teste@123",
            "administrador": "false",
            "_id": "76anikRncp1x8xwv"
        },
        {
            "nome": "k6 Load User 7_37_1786228017327",
            "email": "k6_7_37_1786228017327@teste.com",
            "password": "Teste@123",
            "administrador": "false",
            "_id": "78niXiQd9Z6G6hq3"
        },
        {
            "nome": "k6 Load User 3_23_1786227999908",
            "email": "k6_3_23_1786227999908@teste.com",
            "password": "Teste@123",
            "administrador": "false",
            "_id": "7As9zO5gWlWI55xa"
        },
        {
            "nome": "k6 Load User 9_0_1786224500572",
            "email": "k6_9_0_1786224500572@teste.com",
            "password": "Teste@123",
            "administrador": "false",
            "_id": "7EZbXl5rgwqSLp60"
        },
        {
            "nome": "k6 Load User 14_3_1786224523963",
            "email": "k6_14_3_1786224523963@teste.com",
            "password": "Teste@123",
            "administrador": "false",
            "_id": "7Lq9xDzyPPYgRzvb"
        },
        {
            "nome": "k6 Load User 6_8_1786224506773",
            "email": "k6_6_8_1786224506773@teste.com",
            "password": "Teste@123",
            "administrador": "false",
            "_id": "7RRpi24KQIhr0UAK"
        },
        {
            "nome": "k6 Load User 7_3_1786224511964",
            "email": "k6_7_3_1786224511964@teste.com",
            "password": "Teste@123",
            "administrador": "false",
            "_id": "7T5QUGOzhapE2obd"
        },
        {
            "nome": "k6 Load User 1_25_1786224520068",
            "email": "k6_1_25_1786224520068@teste.com",
            "password": "Teste@123",
            "administrador": "false",
            "_id": "7cOZVGIV9yqtSyro"
        },
        {
            "nome": "k6 Load User 2_11_1786224504346",
            "email": "k6_2_11_1786224504346@teste.com",
            "password": "Teste@123",
            "administrador": "false",
            "_id": "7dit4Omuy01VQylJ"
        },
        {
            "nome": "k6 Load User 5_39_1786228015958",
            "email": "k6_5_39_1786228015958@teste.com",
            "password": "Teste@123",
            "administrador": "false",
            "_id": "7e8qMvGdLmeS4ybv"
        },
        {
            "nome": "k6 Load User 10_30_1786224530890",
            "email": "k6_10_30_1786224530890@teste.com",
            "password": "Teste@123",
            "administrador": "false",
            "_id": "7eao8oH8Rj7Pdnyk"
        },
        {
            "nome": "k6 Load User 2_7_1786224500168",
            "email": "k6_2_7_1786224500168@teste.com",
            "password": "Teste@123",
            "administrador": "false",
            "_id": "7ebWJzKVIwYPwhbG"
        },
        {
            "nome": "k6 Load User 14_1_1786227990586",
            "email": "k6_14_1_1786227990586@teste.com",
            "password": "Teste@123",
            "administrador": "false",
            "_id": "7imeS3WPn6IMQOv0"
        },
        {
            "nome": "k6 Load User 9_34_1786228016243",
            "email": "k6_9_34_1786228016243@teste.com",
            "password": "Teste@123",
            "administrador": "false",
            "_id": "7jSxJswB1S5gLIrN"
        },
        {
            "nome": "k6 Load User 2_38_1786224532588",
            "email": "k6_2_38_1786224532588@teste.com",
            "password": "Teste@123",
            "administrador": "false",
            "_id": "7jYBAj1tY8ZF48bJ"
        },
        {
            "nome": "k6 Load User 5_44_1786224541089",
            "email": "k6_5_44_1786224541089@teste.com",
            "password": "Teste@123",
            "administrador": "false",
            "_id": "7kNilGyEZcHc3a0p"
        },
        {
            "nome": "k6 Load User 2_35_1786228008218",
            "email": "k6_2_35_1786228008218@teste.com",
            "password": "Teste@123",
            "administrador": "false",
            "_id": "7mKR0ujcvAjmkvHp"
        },
        {
            "nome": "k6 Load User 7_27_1786228006560",
            "email": "k6_7_27_1786228006560@teste.com",
            "password": "Teste@123",
            "administrador": "false",
            "_id": "7sleHNn4JKnb3Tzq"
        },
        {
            "nome": "k6 Load User 5_4_1786224499245",
            "email": "k6_5_4_1786224499245@teste.com",
            "password": "Teste@123",
            "administrador": "false",
            "_id": "7t5rV69gZxkS6EYN"
        },
        {
            "nome": "k6 Load User 5_28_1786228004136",
            "email": "k6_5_28_1786228004136@teste.com",
            "password": "Teste@123",
            "administrador": "false",
            "_id": "7tmg8lexPBc6JBkB"
        },
        {
            "nome": "k6 Load User 13_14_1786228001560",
            "email": "k6_13_14_1786228001560@teste.com",
            "password": "Teste@123",
            "administrador": "false",
            "_id": "80iJ5bKFz3NtNWa8"
        },
        {
            "nome": "k6 Load User 7_22_1786224531867",
            "email": "k6_7_22_1786224531867@teste.com",
            "password": "Teste@123",
            "administrador": "false",
            "_id": "81Q4ZRk5U6Ov2jcF"
        },
        {
            "nome": "k6 Load User 9_19_1786224520483",
            "email": "k6_9_19_1786224520483@teste.com",
            "password": "Teste@123",
            "administrador": "false",
            "_id": "83V5ohOsdtpJarsX"
        },
        {
            "nome": "k6 Load User 3_37_1786224534893",
            "email": "k6_3_37_1786224534893@teste.com",
            "password": "Teste@123",
            "administrador": "false",
            "_id": "83qmggd3QPiyjN2k"
        },
        {
            "nome": "k6 Load User 13_13_1786228000490",
            "email": "k6_13_13_1786228000490@teste.com",
            "password": "Teste@123",
            "administrador": "false",
            "_id": "87xifU9b2jUNgZOS"
        },
        {
            "nome": "k6 Load User 4_40_1786228014775",
            "email": "k6_4_40_1786228014775@teste.com",
            "password": "Teste@123",
            "administrador": "false",
            "_id": "8HC1cxLsXc5IL4rK"
        },
        {
            "nome": "k6 Load User 6_5_1786227981568",
            "email": "k6_6_5_1786227981568@teste.com",
            "password": "Teste@123",
            "administrador": "false",
            "_id": "8IWHMp2OGfRnPHco"
        },
        {
            "nome": "k6 Load User 12_17_1786228001787",
            "email": "k6_12_17_1786228001787@teste.com",
            "password": "Teste@123",
            "administrador": "false",
            "_id": "8JxhSgsijHOerh1v"
        },
        {
            "nome": "k6 Load User 2_30_1786224524226",
            "email": "k6_2_30_1786224524226@teste.com",
            "password": "Teste@123",
            "administrador": "false",
            "_id": "8QbdoqlbGv9sL2Gj"
        },
        {
            "nome": "k6 Load User 10_15_1786224515183",
            "email": "k6_10_15_1786224515183@teste.com",
            "password": "Teste@123",
            "administrador": "false",
            "_id": "8SCjUieJEWeVF0AS"
        },
        {
            "nome": "k6 Load User 12_18_1786224521644",
            "email": "k6_12_18_1786224521644@teste.com",
            "password": "Teste@123",
            "administrador": "false",
            "_id": "8XXG8SXUezhoYFnF"
        },
        {
            "nome": "k6 Load User 16_15_1786228011614",
            "email": "k6_16_15_1786228011614@teste.com",
            "password": "Teste@123",
            "administrador": "false",
            "_id": "8anj3x86L7SvPgiq"
        },
        {
            "nome": "k6 Load User 8_14_1786227993540",
            "email": "k6_8_14_1786227993540@teste.com",
            "password": "Teste@123",
            "administrador": "false",
            "_id": "8cwEAho4KaoB3RMh"
        },
        {
            "nome": "k6 Load User 2_19_1786227991004",
            "email": "k6_2_19_1786227991004@teste.com",
            "password": "Teste@123",
            "administrador": "false",
            "_id": "8fHCMuHgZbOvasEP"
        },
        {
            "nome": "k6 Load User 2_40_1786224534672",
            "email": "k6_2_40_1786224534672@teste.com",
            "password": "Teste@123",
            "administrador": "false",
            "_id": "8klqh83vD9ZkW3w4"
        },
        {
            "nome": "k6 Load User 8_1_1786227979378",
            "email": "k6_8_1_1786227979378@teste.com",
            "password": "Teste@123",
            "administrador": "false",
            "_id": "8sIFAP1gd4ahWKT4"
        },
        {
            "nome": "k6 Load User 12_17_1786224520597",
            "email": "k6_12_17_1786224520597@teste.com",
            "password": "Teste@123",
            "administrador": "false",
            "_id": "8tCwpvq2Av1dCUON"
        },
        {
            "nome": "k6 Load User 1_4_1786227977039",
            "email": "k6_1_4_1786227977039@teste.com",
            "password": "Teste@123",
            "administrador": "false",
            "_id": "8vj9roYqvlyoGkI5"
        },
        {
            "nome": "k6 Load User 18_1_1786228005589",
            "email": "k6_18_1_1786228005589@teste.com",
            "password": "Teste@123",
            "administrador": "false",
            "_id": "8w50B2yny68VFnOL"
        },
        {
            "nome": "k6 Load User 3_16_1786224512915",
            "email": "k6_3_16_1786224512915@teste.com",
            "password": "Teste@123",
            "administrador": "false",
            "_id": "8xP0TpoMzMPRSxGU"
        },
        {
            "nome": "k6 Load User 5_29_1786228005208",
            "email": "k6_5_29_1786228005208@teste.com",
            "password": "Teste@123",
            "administrador": "false",
            "_id": "90JTMdvkcNtANmP0"
        },
        {
            "nome": "k6 Load User 14_2_1786224522916",
            "email": "k6_14_2_1786224522916@teste.com",
            "password": "Teste@123",
            "administrador": "false",
            "_id": "926IYYgv7QQPNHGz"
        },
        {
            "nome": "k6 Load User 10_11_1786227992517",
            "email": "k6_10_11_1786227992517@teste.com",
            "password": "Teste@123",
            "administrador": "false",
            "_id": "96XcyIK4TRYxeLNT"
        },
        {
            "nome": "Arjun",
            "email": "Dianna.Sauer@yahoo.com",
            "password": "ayR4KzHhWwIPOQX",
            "administrador": "true",
            "_id": "9ArbfPbUpikAqWIp"
        },
        {
            "nome": "k6 Load User 14_16_1786228006727",
            "email": "k6_14_16_1786228006727@teste.com",
            "password": "Teste@123",
            "administrador": "false",
            "_id": "9FoEcWDztKRDw5q4"
        },
        {
            "nome": "k6 Load User 13_5_1786227991874",
            "email": "k6_13_5_1786227991874@teste.com",
            "password": "Teste@123",
            "administrador": "false",
            "_id": "9ID1IDAQzMwYSm6T"
        },
        {
            "nome": "k6 Load User 4_35_1786228009405",
            "email": "k6_4_35_1786228009405@teste.com",
            "password": "Teste@123",
            "administrador": "false",
            "_id": "9J129em5xzGN5kKk"
        },
        {
            "nome": "k6 Load User 6_34_1786228012770",
            "email": "k6_6_34_1786228012770@teste.com",
            "password": "Teste@123",
            "administrador": "false",
            "_id": "9LBwkhWBoCXQAdxC"
        },
        {
            "nome": "k6 Load User 13_10_1786227997257",
            "email": "k6_13_10_1786227997257@teste.com",
            "password": "Teste@123",
            "administrador": "false",
            "_id": "9LwOH68H1oX9yWxx"
        },
        {
            "nome": "k6 Load User 5_21_1786227996600",
            "email": "k6_5_21_1786227996600@teste.com",
            "password": "Teste@123",
            "administrador": "false",
            "_id": "9Quwya8s3ITl9r2d"
        },
        {
            "nome": "k6 Load User 10_0_1786224499462",
            "email": "k6_10_0_1786224499462@teste.com",
            "password": "Teste@123",
            "administrador": "false",
            "_id": "9Ri3OxJsyNhFL2rQ"
        },
        {
            "nome": "k6 Load User 10_38_1786224539280",
            "email": "k6_10_38_1786224539280@teste.com",
            "password": "Teste@123",
            "administrador": "false",
            "_id": "9XWlT8gv6v87mrqM"
        },
        {
            "nome": "k6 Load User 10_13_1786227994657",
            "email": "k6_10_13_1786227994657@teste.com",
            "password": "Teste@123",
            "administrador": "false",
            "_id": "9YI2n6qU1pazKIii"
        },
        {
            "nome": "k6 Load User 3_26_1786224523393",
            "email": "k6_3_26_1786224523393@teste.com",
            "password": "Teste@123",
            "administrador": "false",
            "_id": "9gZfBgvPO5TbRXMH"
        },
        {
            "nome": "k6 Load User 17_14_1786224532453",
            "email": "k6_17_14_1786224532453@teste.com",
            "password": "Teste@123",
            "administrador": "false",
            "_id": "9kDNuXfroyGGyKcs"
        },
        {
            "nome": "k6 Load User 8_5_1786227983827",
            "email": "k6_8_5_1786227983827@teste.com",
            "password": "Teste@123",
            "administrador": "false",
            "_id": "9qyo1j6gSXNKrORC"
        },
        {
            "nome": "k6 Load User 7_13_1786227991439",
            "email": "k6_7_13_1786227991439@teste.com",
            "password": "Teste@123",
            "administrador": "false",
            "_id": "9s9g2XZBYXsZtYkO"
        },
        {
            "nome": "k6 Load User 11_16_1786228009802",
            "email": "k6_11_16_1786228009802@teste.com",
            "password": "Teste@123",
            "administrador": "false",
            "_id": "9zH0dyILSP7JbTu6"
        },
        {
            "nome": "k6 Load User 10_7_1786224506816",
            "email": "k6_10_7_1786224506816@teste.com",
            "password": "Teste@123",
            "administrador": "false",
            "_id": "9zhiOTVXsIaDZ4Fa"
        },
        {
            "nome": "k6 Load User 8_17_1786224519516",
            "email": "k6_8_17_1786224519516@teste.com",
            "password": "Teste@123",
            "administrador": "false",
            "_id": "A5y7jtr0yT1ePtwH"
        },
        {
            "nome": "k6 Load User 12_6_1786227989963",
            "email": "k6_12_6_1786227989963@teste.com",
            "password": "Teste@123",
            "administrador": "false",
            "_id": "ALqT7rOgH52YAw87"
        },
        {
            "nome": "k6 Load User 16_4_1786227999801",
            "email": "k6_16_4_1786227999801@teste.com",
            "password": "Teste@123",
            "administrador": "false",
            "_id": "AMuMvJ0Om3fesPxS"
        },
        {
            "nome": "k6 Load User 19_3_1786224532970",
            "email": "k6_19_3_1786224532970@teste.com",
            "password": "Teste@123",
            "administrador": "false",
            "_id": "Amt1SEgbnhYLJ2zn"
        },
        {
            "nome": "k6 Load User 1_34_1786224529488",
            "email": "k6_1_34_1786224529488@teste.com",
            "password": "Teste@123",
            "administrador": "false",
            "_id": "AtzFwuza1QqaFy3x"
        },
        {
            "nome": "k6 Load User 10_17_1786227998961",
            "email": "k6_10_17_1786227998961@teste.com",
            "password": "Teste@123",
            "administrador": "false",
            "_id": "AulrwpqIJwzqponO"
        },
        {
            "nome": "k6 Load User 9_31_1786224533040",
            "email": "k6_9_31_1786224533040@teste.com",
            "password": "Teste@123",
            "administrador": "false",
            "_id": "AwxRk3LwPiT3n1OS"
        },
        {
            "nome": "k6 Load User 4_44_1786228019077",
            "email": "k6_4_44_1786228019077@teste.com",
            "password": "Teste@123",
            "administrador": "false",
            "_id": "AzmjOUkg6wUKKKmN"
        },
        {
            "nome": "k6 Load User 1_4_1786224498125",
            "email": "k6_1_4_1786224498125@teste.com",
            "password": "Teste@123",
            "administrador": "false",
            "_id": "B555YJgfZO5meUIY"
        },
        {
            "nome": "k6 Load User 12_24_1786224527961",
            "email": "k6_12_24_1786224527961@teste.com",
            "password": "Teste@123",
            "administrador": "false",
            "_id": "B56WN7600AtLdyQ8"
        },
        {
            "nome": "k6 Load User 1_31_1786224526350",
            "email": "k6_1_31_1786224526350@teste.com",
            "password": "Teste@123",
            "administrador": "false",
            "_id": "BC4Lb1NqQEXi4uq4"
        },
        {
            "nome": "k6 Load User 11_9_1786224515245",
            "email": "k6_11_9_1786224515245@teste.com",
            "password": "Teste@123",
            "administrador": "false",
            "_id": "BIIRZVnloldGaKXE"
        },
        {
            "nome": "k6 Load User 6_38_1786228017064",
            "email": "k6_6_38_1786228017064@teste.com",
            "password": "Teste@123",
            "administrador": "false",
            "_id": "BMCVMybP4MsXo2CE"
        },
        {
            "nome": "k6 Load User 6_20_1786224519345",
            "email": "k6_6_20_1786224519345@teste.com",
            "password": "Teste@123",
            "administrador": "false",
            "_id": "BPUR2VfyeQIhqx2p"
        },
        {
            "nome": "k6 Load User 2_0_1786224492794",
            "email": "k6_2_0_1786224492794@teste.com",
            "password": "Teste@123",
            "administrador": "false",
            "_id": "BSIPQhyeqGxIScG2"
        },
        {
            "nome": "k6 Load User 4_0_1786224497239",
            "email": "k6_4_0_1786224497239@teste.com",
            "password": "Teste@123",
            "administrador": "false",
            "_id": "BSUDaYOIiYbfQaTS"
        },
        {
            "nome": "k6 Load User 12_22_1786228007170",
            "email": "k6_12_22_1786228007170@teste.com",
            "password": "Teste@123",
            "administrador": "false",
            "_id": "BUrp5yruSi7oqeBS"
        },
        {
            "nome": "k6 Load User 1_15_1786227988964",
            "email": "k6_1_15_1786227988964@teste.com",
            "password": "Teste@123",
            "administrador": "false",
            "_id": "BbhLorOze2XKu7xY"
        },
        {
            "nome": "k6 Load User 5_24_1786224520179",
            "email": "k6_5_24_1786224520179@teste.com",
            "password": "Teste@123",
            "administrador": "false",
            "_id": "BgAfhexgjMy3xYQD"
        },
        {
            "nome": "k6 Load User 14_7_1786227997049",
            "email": "k6_14_7_1786227997049@teste.com",
            "password": "Teste@123",
            "administrador": "false",
            "_id": "BgZjnF0SzWOjydC5"
        },
        {
            "nome": "k6 Load User 3_41_1786224539067",
            "email": "k6_3_41_1786224539067@teste.com",
            "password": "Teste@123",
            "administrador": "false",
            "_id": "BoZOjl6DvsQjxrr2"
        },
        {
            "nome": "k6 Load User 4_7_1786224504603",
            "email": "k6_4_7_1786224504603@teste.com",
            "password": "Teste@123",
            "administrador": "false",
            "_id": "By04yXS82cjq32bR"
        },
        {
            "nome": "k6 Load User 10_13_1786224513093",
            "email": "k6_10_13_1786224513093@teste.com",
            "password": "Teste@123",
            "administrador": "false",
            "_id": "ByBeX5gRNWqiePl4"
        },
        {
            "nome": "k6 Load User 2_33_1786228006072",
            "email": "k6_2_33_1786228006072@teste.com",
            "password": "Teste@123",
            "administrador": "false",
            "_id": "Bz7s36mMgWL40gxO"
        },
        {
            "nome": "k6 Load User 14_13_1786228003495",
            "email": "k6_14_13_1786228003495@teste.com",
            "password": "Teste@123",
            "administrador": "false",
            "_id": "C1zBDPzROtWV0m4y"
        },
        {
            "nome": "k6 Load User 7_15_1786224524547",
            "email": "k6_7_15_1786224524547@teste.com",
            "password": "Teste@123",
            "administrador": "false",
            "_id": "C2ofEn1ohFbicb1D"
        },
        {
            "nome": "k6 Load User 16_19_1786224534688",
            "email": "k6_16_19_1786224534688@teste.com",
            "password": "Teste@123",
            "administrador": "false",
            "_id": "C3umqbZfD0IrA7ae"
        },
        {
            "nome": "k6 Load User 8_2_1786227980449",
            "email": "k6_8_2_1786227980449@teste.com",
            "password": "Teste@123",
            "administrador": "false",
            "_id": "C4ftCgEKQhnF9lXl"
        },
        {
            "nome": "k6 Load User 2_30_1786228002850",
            "email": "k6_2_30_1786228002850@teste.com",
            "password": "Teste@123",
            "administrador": "false",
            "_id": "CF1NX5pnDg6zSlzH"
        },
        {
            "nome": "k6 Load User 4_23_1786224521350",
            "email": "k6_4_23_1786224521350@teste.com",
            "password": "Teste@123",
            "administrador": "false",
            "_id": "CGPkwiAFpkYuOStd"
        },
        {
            "nome": "k6 Load User 7_20_1786224529772",
            "email": "k6_7_20_1786224529772@teste.com",
            "password": "Teste@123",
            "administrador": "false",
            "_id": "CIQNRSVQdL2j2S4B"
        },
        {
            "nome": "k6 Load User 9_1_1786224501648",
            "email": "k6_9_1_1786224501648@teste.com",
            "password": "Teste@123",
            "administrador": "false",
            "_id": "CRuXUUDYLsb9JepU"
        },
        {
            "nome": "k6 Load User 3_12_1786227988059",
            "email": "k6_3_12_1786227988059@teste.com",
            "password": "Teste@123",
            "administrador": "false",
            "_id": "CWdi9Sb4r2DNJyu8"
        },
        {
            "nome": "k6 Load User 12_14_1786227998555",
            "email": "k6_12_14_1786227998555@teste.com",
            "password": "Teste@123",
            "administrador": "false",
            "_id": "CXzixqYAlGD1M2pC"
        },
        {
            "nome": "Mafalda",
            "email": "Nannie66@hotmail.com",
            "password": "7vf3dHyQnDZ20kJ",
            "administrador": "true",
            "_id": "CYDhhk4TcIkV1JfV"
        },
        {
            "nome": "k6 Load User 1_13_1786224507542",
            "email": "k6_1_13_1786224507542@teste.com",
            "password": "Teste@123",
            "administrador": "false",
            "_id": "CbZ2HXCUp7vrI4Je"
        },
        {
            "nome": "k6 Load User 9_28_1786228009782",
            "email": "k6_9_28_1786228009782@teste.com",
            "password": "Teste@123",
            "administrador": "false",
            "_id": "CfotkHqIwbbVxhwG"
        },
        {
            "nome": "k6 Load User 9_6_1786227986030",
            "email": "k6_9_6_1786227986030@teste.com",
            "password": "Teste@123",
            "administrador": "false",
            "_id": "CnLg04IwVlWoYaSa"
        },
        {
            "nome": "k6 Load User 2_31_1786228003926",
            "email": "k6_2_31_1786228003926@teste.com",
            "password": "Teste@123",
            "administrador": "false",
            "_id": "Co9SaJFxXywsmSg8"
        },
        {
            "nome": "k6 Load User 9_20_1786224521530",
            "email": "k6_9_20_1786224521530@teste.com",
            "password": "Teste@123",
            "administrador": "false",
            "_id": "CpPiwjVOhLHbVLEV"
        },
        {
            "nome": "k6 Load User 8_12_1786224514292",
            "email": "k6_8_12_1786224514292@teste.com",
            "password": "Teste@123",
            "administrador": "false",
            "_id": "CqvzPFSWtxHTmoNa"
        },
        {
            "nome": "k6 Load User 2_16_1786227987781",
            "email": "k6_2_16_1786227987781@teste.com",
            "password": "Teste@123",
            "administrador": "false",
            "_id": "D1bgnc8huB6Ftpr9"
        },
        {
            "nome": "k6 Load User 13_6_1786227992944",
            "email": "k6_13_6_1786227992944@teste.com",
            "password": "Teste@123",
            "administrador": "false",
            "_id": "D51HeE1R1aVljEp6"
        },
        {
            "nome": "k6 Load User 9_29_1786224530949",
            "email": "k6_9_29_1786224530949@teste.com",
            "password": "Teste@123",
            "administrador": "false",
            "_id": "D836cSpCvWBa5FQl"
        },
        {
            "nome": "k6 Load User 18_6_1786224533120",
            "email": "k6_18_6_1786224533120@teste.com",
            "password": "Teste@123",
            "administrador": "false",
            "_id": "DHESK4N28vXGTIi5"
        },
        {
            "nome": "k6 Load User 5_18_1786227993366",
            "email": "k6_5_18_1786227993366@teste.com",
            "password": "Teste@123",
            "administrador": "false",
            "_id": "DJ41f5ShB2auuzTw"
        },
        {
            "nome": "k6 Load User 13_16_1786228003720",
            "email": "k6_13_16_1786228003720@teste.com",
            "password": "Teste@123",
            "administrador": "false",
            "_id": "DJwplHertq5SuhzE"
        },
        {
            "nome": "k6 Load User 5_30_1786228006287",
            "email": "k6_5_30_1786228006287@teste.com",
            "password": "Teste@123",
            "administrador": "false",
            "_id": "DNXIkOjlhR2cZBSq"
        },
        {
            "nome": "k6 Load User 11_12_1786228005501",
            "email": "k6_11_12_1786228005501@teste.com",
            "password": "Teste@123",
            "administrador": "false",
            "_id": "DRic73YScIPt1DLm"
        },
        {
            "nome": "k6 Load User 6_17_1786224516192",
            "email": "k6_6_17_1786224516192@teste.com",
            "password": "Teste@123",
            "administrador": "false",
            "_id": "DUVmkUtdd1eKOq7d"
        },
        {
            "nome": "k6 Load User 10_32_1786224532984",
            "email": "k6_10_32_1786224532984@teste.com",
            "password": "Teste@123",
            "administrador": "false",
            "_id": "DYQPmE862AZyhqHj"
        },
        {
            "nome": "k6 Load User 7_7_1786227984984",
            "email": "k6_7_7_1786227984984@teste.com",
            "password": "Teste@123",
            "administrador": "false",
            "_id": "DbfZPBz5YgYnHiV6"
        },
        {
            "nome": "k6 Load User 4_4_1786227975930",
            "email": "k6_4_4_1786227975930@teste.com",
            "password": "Teste@123",
            "administrador": "false",
            "_id": "DhbcNfWhhY3j60Gi"
        },
        {
            "nome": "k6 Load User 5_1_1786224496095",
            "email": "k6_5_1_1786224496095@teste.com",
            "password": "Teste@123",
            "administrador": "false",
            "_id": "DiCVNp1x3M9FR766"
        },
        {
            "nome": "k6 Load User 1_18_1786227992188",
            "email": "k6_1_18_1786227992188@teste.com",
            "password": "Teste@123",
            "administrador": "false",
            "_id": "DiEoxRhF6mBpba0R"
        },
        {
            "nome": "k6 Load User 6_26_1786228004181",
            "email": "k6_6_26_1786228004181@teste.com",
            "password": "Teste@123",
            "administrador": "false",
            "_id": "DpeliwI0F8VAnpx3"
        },
        {
            "nome": "k6 Load User 2_32_1786228005001",
            "email": "k6_2_32_1786228005001@teste.com",
            "password": "Teste@123",
            "administrador": "false",
            "_id": "DqaOuVhzNppKtvC0"
        },
        {
            "nome": "k6 Load User 3_33_1786224530709",
            "email": "k6_3_33_1786224530709@teste.com",
            "password": "Teste@123",
            "administrador": "false",
            "_id": "DrsRMlkbmP4mL3iN"
        },
        {
            "nome": "k6 Load User 8_33_1786228014017",
            "email": "k6_8_33_1786228014017@teste.com",
            "password": "Teste@123",
            "administrador": "false",
            "_id": "DsQqV2inZewHlqZ9"
        },
        {
            "nome": "k6 Load User 6_0_1786224498351",
            "email": "k6_6_0_1786224498351@teste.com",
            "password": "Teste@123",
            "administrador": "false",
            "_id": "DtC2iFrc1lcfUggx"
        },
        {
            "nome": "k6 Load User 13_8_1786224520198",
            "email": "k6_13_8_1786224520198@teste.com",
            "password": "Teste@123",
            "administrador": "false",
            "_id": "DvBCSdnNswUGyuwm"
        },
        {
            "nome": "k6 Load User 8_14_1786224516382",
            "email": "k6_8_14_1786224516382@teste.com",
            "password": "Teste@123",
            "administrador": "false",
            "_id": "E00B2zyzovk6qwZ2"
        },
        {
            "nome": "k6 Load User 6_4_1786227980366",
            "email": "k6_6_4_1786227980366@teste.com",
            "password": "Teste@123",
            "administrador": "false",
            "_id": "E0IW7UqMswojMTDQ"
        },
        {
            "nome": "k6 Load User 7_16_1786227994671",
            "email": "k6_7_16_1786227994671@teste.com",
            "password": "Teste@123",
            "administrador": "false",
            "_id": "E150BgezhxG9S6CB"
        },
        {
            "nome": "k6 Load User 6_15_1786224514098",
            "email": "k6_6_15_1786224514098@teste.com",
            "password": "Teste@123",
            "administrador": "false",
            "_id": "E97ye9XgXzVSnrrm"
        },
        {
            "nome": "k6 Load User 14_10_1786224531281",
            "email": "k6_14_10_1786224531281@teste.com",
            "password": "Teste@123",
            "administrador": "false",
            "_id": "EKRIBDueLgixIEJS"
        },
        {
            "nome": "k6 Load User 3_32_1786224529661",
            "email": "k6_3_32_1786224529661@teste.com",
            "password": "Teste@123",
            "administrador": "false",
            "_id": "EM7CKeRXjItvADwt"
        },
        {
            "nome": "k6 Load User 8_27_1786228007554",
            "email": "k6_8_27_1786228007554@teste.com",
            "password": "Teste@123",
            "administrador": "false",
            "_id": "ESSI9xX4SD2U1Xm3"
        },
        {
            "nome": "k6 Load User 6_34_1786224534040",
            "email": "k6_6_34_1786224534040@teste.com",
            "password": "Teste@123",
            "administrador": "false",
            "_id": "ETVPpcQQjWuHd6dF"
        },
        {
            "nome": "k6 Load User 10_31_1786228014045",
            "email": "k6_10_31_1786228014045@teste.com",
            "password": "Teste@123",
            "administrador": "false",
            "_id": "EZIixjejwe5aDxya"
        },
        {
            "nome": "k6 Load User 12_29_1786228014729",
            "email": "k6_12_29_1786228014729@teste.com",
            "password": "Teste@123",
            "administrador": "false",
            "_id": "EbLyij3r8B8UoaXg"
        },
        {
            "nome": "k6 Load User 7_18_1786224527686",
            "email": "k6_7_18_1786224527686@teste.com",
            "password": "Teste@123",
            "administrador": "false",
            "_id": "EcBnmyug8uGuBoMm"
        },
        {
            "nome": "k6 Load User 6_1_1786227977143",
            "email": "k6_6_1_1786227977143@teste.com",
            "password": "Teste@123",
            "administrador": "false",
            "_id": "EhztFqykJ8qhFw4t"
        },
        {
            "nome": "k6 Load User 15_4_1786224528007",
            "email": "k6_15_4_1786224528007@teste.com",
            "password": "Teste@123",
            "administrador": "false",
            "_id": "Elc60wcPKCQtc229"
        },
        {
            "nome": "k6 Load User 6_20_1786227997732",
            "email": "k6_6_20_1786227997732@teste.com",
            "password": "Teste@123",
            "administrador": "false",
            "_id": "En6rcyeAEpeDSRkv"
        },
        {
            "nome": "k6 Load User 11_29_1786224536232",
            "email": "k6_11_29_1786224536232@teste.com",
            "password": "Teste@123",
            "administrador": "false",
            "_id": "EtHcMWWrybovfL1V"
        },
        {
            "nome": "k6 Load User 1_20_1786227994338",
            "email": "k6_1_20_1786227994338@teste.com",
            "password": "Teste@123",
            "administrador": "false",
            "_id": "EtsAwtKGLtzUXj7g"
        },
        {
            "nome": "k6 Load User 1_14_1786227987887",
            "email": "k6_1_14_1786227987887@teste.com",
            "password": "Teste@123",
            "administrador": "false",
            "_id": "EyrzsO926EBJRnTW"
        },
        {
            "nome": "k6 Load User 7_23_1786228002254",
            "email": "k6_7_23_1786228002254@teste.com",
            "password": "Teste@123",
            "administrador": "false",
            "_id": "F1oahAmsgatNlzSv"
        },
        {
            "nome": "k6 Load User 18_6_1786228010960",
            "email": "k6_18_6_1786228010960@teste.com",
            "password": "Teste@123",
            "administrador": "false",
            "_id": "F8TkmMkSympoUL2B"
        },
        {
            "nome": "k6 Load User 5_22_1786227997671",
            "email": "k6_5_22_1786227997671@teste.com",
            "password": "Teste@123",
            "administrador": "false",
            "_id": "FChwO8nhigk5UHGI"
        },
        {
            "nome": "k6 Load User 1_10_1786227983574",
            "email": "k6_1_10_1786227983574@teste.com",
            "password": "Teste@123",
            "administrador": "false",
            "_id": "FIM1AooUojfuOp8C"
        },
        {
            "nome": "k6 Load User 9_11_1786227991433",
            "email": "k6_9_11_1786227991433@teste.com",
            "password": "Teste@123",
            "administrador": "false",
            "_id": "FJE8PqBbzoAs8Nnp"
        },
        {
            "nome": "k6 Load User 16_9_1786228005172",
            "email": "k6_16_9_1786228005172@teste.com",
            "password": "Teste@123",
            "administrador": "false",
            "_id": "FLDuhzKzBkId8GIs"
        },
        {
            "nome": "k6 Load User 12_5_1786224508055",
            "email": "k6_12_5_1786224508055@teste.com",
            "password": "Teste@123",
            "administrador": "false",
            "_id": "FLRrkbivP3pwZNE3"
        },
        {
            "nome": "k6 Load User 12_2_1786224504921",
            "email": "k6_12_2_1786224504921@teste.com",
            "password": "Teste@123",
            "administrador": "false",
            "_id": "FSORRzGEzeJS3oQM"
        },
        {
            "nome": "k6 Load User 8_2_1786224503804",
            "email": "k6_8_2_1786224503804@teste.com",
            "password": "Teste@123",
            "administrador": "false",
            "_id": "FVKnYBznU8hvKrHX"
        },
        {
            "nome": "k6 Load User 6_14_1786227991261",
            "email": "k6_6_14_1786227991261@teste.com",
            "password": "Teste@123",
            "administrador": "false",
            "_id": "FZ2swFWTT1gAcLHS"
        },
        {
            "nome": "k6 Load User 3_3_1786224499303",
            "email": "k6_3_3_1786224499303@teste.com",
            "password": "Teste@123",
            "administrador": "false",
            "_id": "FiufxF3rJsTMOZsb"
        },
        {
            "nome": "k6 Load User 1_37_1786224532617",
            "email": "k6_1_37_1786224532617@teste.com",
            "password": "Teste@123",
            "administrador": "false",
            "_id": "FlQrYrutfD0fCwab"
        },
        {
            "nome": "k6 Load User 14_0_1786224520795",
            "email": "k6_14_0_1786224520795@teste.com",
            "password": "Teste@123",
            "administrador": "false",
            "_id": "FlgtGIOQs4tC8GTM"
        },
        {
            "nome": "k6 Load User 5_37_1786228013806",
            "email": "k6_5_37_1786228013806@teste.com",
            "password": "Teste@123",
            "administrador": "false",
            "_id": "Foum38LHUwn0JxcK"
        },
        {
            "nome": "k6 Load User 2_31_1786224525272",
            "email": "k6_2_31_1786224525272@teste.com",
            "password": "Teste@123",
            "administrador": "false",
            "_id": "G0CPWzyfjGfDaGRf"
        },
        {
            "nome": "k6 Load User 2_32_1786224526321",
            "email": "k6_2_32_1786224526321@teste.com",
            "password": "Teste@123",
            "administrador": "false",
            "_id": "G7a9xUgjlumQMh5Y"
        },
        {
            "nome": "k6 Load User 12_26_1786224530055",
            "email": "k6_12_26_1786224530055@teste.com",
            "password": "Teste@123",
            "administrador": "false",
            "_id": "G9V6GbN4p34aMg9x"
        },
        {
            "nome": "k6 Load User 16_7_1786224522140",
            "email": "k6_16_7_1786224522140@teste.com",
            "password": "Teste@123",
            "administrador": "false",
            "_id": "GBzJSKpXUuDjscjs"
        },
        {
            "nome": "k6 Load User 13_3_1786224514963",
            "email": "k6_13_3_1786224514963@teste.com",
            "password": "Teste@123",
            "administrador": "false",
            "_id": "GK8AsJFdmDUFI8Cx"
        },
        {
            "nome": "k6 Load User 11_28_1786224535176",
            "email": "k6_11_28_1786224535176@teste.com",
            "password": "Teste@123",
            "administrador": "false",
            "_id": "GKqc9784GZwF5nsc"
        },
        {
            "nome": "k6 Load User 5_37_1786224533772",
            "email": "k6_5_37_1786224533772@teste.com",
            "password": "Teste@123",
            "administrador": "false",
            "_id": "GPdsOFh6W5RxgSil"
        },
        {
            "nome": "k6 Load User 7_30_1786228009794",
            "email": "k6_7_30_1786228009794@teste.com",
            "password": "Teste@123",
            "administrador": "false",
            "_id": "GTIk76eByXidlOWc"
        },
        {
            "nome": "k6 Load User 4_16_1786224514017",
            "email": "k6_4_16_1786224514017@teste.com",
            "password": "Teste@123",
            "administrador": "false",
            "_id": "Gefe6sDwBu2ftshf"
        },
        {
            "nome": "k6 Load User 4_10_1786227982489",
            "email": "k6_4_10_1786227982489@teste.com",
            "password": "Teste@123",
            "administrador": "false",
            "_id": "GfV8Yiu0YtUXe4FY"
        },
        {
            "nome": "k6 Load User 6_30_1786224529812",
            "email": "k6_6_30_1786224529812@teste.com",
            "password": "Teste@123",
            "administrador": "false",
            "_id": "GfZtMsH0bcDmxUWW"
        },
        {
            "nome": "k6 Load User 12_11_1786227995336",
            "email": "k6_12_11_1786227995336@teste.com",
            "password": "Teste@123",
            "administrador": "false",
            "_id": "Gft6edMWjmt6U6QB"
        },
        {
            "nome": "k6 Load User 6_36_1786224536134",
            "email": "k6_6_36_1786224536134@teste.com",
            "password": "Teste@123",
            "administrador": "false",
            "_id": "Ggt3ALskYyRHZ6OV"
        },
        {
            "nome": "k6 Load User 10_0_1786227980486",
            "email": "k6_10_0_1786227980486@teste.com",
            "password": "Teste@123",
            "administrador": "false",
            "_id": "GiG8LPOtY92MrBvg"
        },
        {
            "nome": "k6 Load User 4_28_1786224526591",
            "email": "k6_4_28_1786224526591@teste.com",
            "password": "Teste@123",
            "administrador": "false",
            "_id": "Gz0ZNXL0s2SIYM61"
        },
        {
            "nome": "k6 Load User 1_39_1786228014773",
            "email": "k6_1_39_1786228014773@teste.com",
            "password": "Teste@123",
            "administrador": "false",
            "_id": "H2so949mXohB6OKx"
        },
        {
            "nome": "k6 Load User 9_18_1786224519438",
            "email": "k6_9_18_1786224519438@teste.com",
            "password": "Teste@123",
            "administrador": "false",
            "_id": "H5b0W9XxtvSl785S"
        },
        {
            "nome": "k6 Load User 2_6_1786224499114",
            "email": "k6_2_6_1786224499114@teste.com",
            "password": "Teste@123",
            "administrador": "false",
            "_id": "H73eSarwMublIxtb"
        },
        {
            "nome": "k6 Load User 8_27_1786224529981",
            "email": "k6_8_27_1786224529981@teste.com",
            "password": "Teste@123",
            "administrador": "false",
            "_id": "H9JTfKhvSbJ6dyC2"
        },
        {
[...]
            "_id": "xc4TrobLjFQThjYI"
        },
        {
            "nome": "k6 Load User 1_45_1786224541028",
            "email": "k6_1_45_1786224541028@teste.com",
            "password": "Teste@123",
            "administrador": "false",
            "_id": "xcVjJyWe1xouER4i"
        },
        {
            "nome": "k6 Load User 4_21_1786224519257",
            "email": "k6_4_21_1786224519257@teste.com",
            "password": "Teste@123",
            "administrador": "false",
            "_id": "xgfstFV90K4Hewos"
        },
        {
            "nome": "k6 Load User 8_26_1786224528933",
            "email": "k6_8_26_1786224528933@teste.com",
            "password": "Teste@123",
            "administrador": "false",
            "_id": "xihIbYEF23j0PrqI"
        },
        {
            "nome": "k6 Load User 18_5_1786228009891",
            "email": "k6_18_5_1786228009891@teste.com",
            "password": "Teste@123",
            "administrador": "false",
            "_id": "xnyfTkmFS8gsWUUZ"
        },
        {
            "nome": "k6 Load User 18_1_1786224527873",
            "email": "k6_18_1_1786224527873@teste.com",
            "password": "Teste@123",
            "administrador": "false",
            "_id": "xqTthFHJHJARgBlm"
        },
        {
            "nome": "k6 Load User 7_2_1786224510915",
            "email": "k6_7_2_1786224510915@teste.com",
            "password": "Teste@123",
            "administrador": "false",
            "_id": "xuaEdo9JCo0uKJq6"
        },
        {
            "nome": "k6 Load User 15_7_1786224531137",
            "email": "k6_15_7_1786224531137@teste.com",
            "password": "Teste@123",
            "administrador": "false",
            "_id": "xxuawgcQRKfq9VNR"
        },
        {
            "nome": "k6 Load User 1_3_1786227975965",
            "email": "k6_1_3_1786227975965@teste.com",
            "password": "Teste@123",
            "administrador": "false",
            "_id": "xyBO15McrSy16pvb"
        },
        {
            "nome": "k6 Load User 8_15_1786227994614",
            "email": "k6_8_15_1786227994614@teste.com",
            "password": "Teste@123",
            "administrador": "false",
            "_id": "y3eBPtVI38OmIZ5y"
        },
        {
            "nome": "k6 Load User 4_3_1786227974841",
            "email": "k6_4_3_1786227974841@teste.com",
            "password": "Teste@123",
            "administrador": "false",
            "_id": "y3l4RY3aH56yF2Zd"
        },
        {
            "nome": "k6 Load User 7_29_1786228008719",
            "email": "k6_7_29_1786228008719@teste.com",
            "password": "Teste@123",
            "administrador": "false",
            "_id": "yFttT20IJOfdjI2y"
        },
        {
            "nome": "k6 Load User 10_12_1786224512048",
            "email": "k6_10_12_1786224512048@teste.com",
            "password": "Teste@123",
            "administrador": "false",
            "_id": "yH2xMIi6fyn4Q2Qs"
        },
        {
            "nome": "k6 Load User 10_19_1786224519372",
            "email": "k6_10_19_1786224519372@teste.com",
            "password": "Teste@123",
            "administrador": "false",
            "_id": "yHAZoxm3PnozMAxx"
        },
        {
            "nome": "k6 Load User 5_20_1786224515980",
            "email": "k6_5_20_1786224515980@teste.com",
            "password": "Teste@123",
            "administrador": "false",
            "_id": "yMHFNk8ergYrpCSO"
        },
        {
            "nome": "k6 Load User 13_3_1786227989729",
            "email": "k6_13_3_1786227989729@teste.com",
            "password": "Teste@123",
            "administrador": "false",
            "_id": "ySshXXSafOcCKUK4"
        },
        {
            "nome": "k6 Load User 17_15_1786224533496",
            "email": "k6_17_15_1786224533496@teste.com",
            "password": "Teste@123",
            "administrador": "false",
            "_id": "yTv6nYQQfNJ7CEH3"
        },
        {
            "nome": "k6 Load User 3_25_1786224522346",
            "email": "k6_3_25_1786224522346@teste.com",
            "password": "Teste@123",
            "administrador": "false",
            "_id": "yYxYOKmpdxjriiyK"
        },
        {
            "nome": "k6 Load User 6_18_1786224517252",
            "email": "k6_6_18_1786224517252@teste.com",
            "password": "Teste@123",
            "administrador": "false",
            "_id": "yZASnw9YZ7l6fjiE"
        },
        {
            "nome": "k6 Load User 6_9_1786224507821",
            "email": "k6_6_9_1786224507821@teste.com",
            "password": "Teste@123",
            "administrador": "false",
            "_id": "yevOF2bgjcyKSeqD"
        },
        {
            "nome": "k6 Load User 16_17_1786224532600",
            "email": "k6_16_17_1786224532600@teste.com",
            "password": "Teste@123",
            "administrador": "false",
            "_id": "ygVJey6sI1CqDYiY"
        },
        {
            "nome": "k6 Load User 10_32_1786228015124",
            "email": "k6_10_32_1786228015124@teste.com",
            "password": "Teste@123",
            "administrador": "false",
            "_id": "ynBgUZPGmO4EylJX"
        },
        {
            "nome": "k6 Load User 4_8_1786224505648",
            "email": "k6_4_8_1786224505648@teste.com",
            "password": "Teste@123",
            "administrador": "false",
            "_id": "yuHj9heV9ylzRcE8"
        },
        {
            "nome": "k6 Load User 1_26_1786228000797",
            "email": "k6_1_26_1786228000797@teste.com",
            "password": "Teste@123",
            "administrador": "false",
            "_id": "yuvTQJFVx3aqfm1j"
        },
        {
            "nome": "k6 Load User 8_17_1786227996761",
            "email": "k6_8_17_1786227996761@teste.com",
            "password": "Teste@123",
            "administrador": "false",
            "_id": "yvAvee6LGcU05Etq"
        },
        {
            "nome": "k6 Load User 10_16_1786227997876",
            "email": "k6_10_16_1786227997876@teste.com",
            "password": "Teste@123",
            "administrador": "false",
            "_id": "yzzcOJShY15CALNA"
        },
        {
            "nome": "k6 Load User 4_36_1786228010474",
            "email": "k6_4_36_1786228010474@teste.com",
            "password": "Teste@123",
            "administrador": "false",
            "_id": "z0cHexywUGAR2KX0"
        },
        {
            "nome": "k6 Load User 11_19_1786224525707",
            "email": "k6_11_19_1786224525707@teste.com",
            "password": "Teste@123",
            "administrador": "false",
            "_id": "z5JBcWDmeUCmxL0Y"
        },
        {
            "nome": "k6 Load User 8_22_1786224524741",
            "email": "k6_8_22_1786224524741@teste.com",
            "password": "Teste@123",
            "administrador": "false",
            "_id": "z8Stbh5qkK1Gefdh"
        },
        {
            "nome": "k6 Load User 5_26_1786224522272",
            "email": "k6_5_26_1786224522272@teste.com",
            "password": "Teste@123",
            "administrador": "false",
            "_id": "zCINxzvpcXObAiog"
        },
        {
            "nome": "k6 Load User 4_7_1786227979171",
            "email": "k6_4_7_1786227979171@teste.com",
            "password": "Teste@123",
            "administrador": "false",
            "_id": "zHnyDLuNBLHzhBdj"
        },
        {
            "nome": "k6 Load User 4_5_1786227977017",
            "email": "k6_4_5_1786227977017@teste.com",
            "password": "Teste@123",
            "administrador": "false",
            "_id": "zIdUD2x8qW38kEy0"
        },
        {
            "nome": "k6 Load User 16_6_1786228001958",
            "email": "k6_16_6_1786228001958@teste.com",
            "password": "Teste@123",
            "administrador": "false",
            "_id": "zInBRAaesvyswzOV"
        },
        {
            "nome": "k6 Load User 2_42_1786228015735",
            "email": "k6_2_42_1786228015735@teste.com",
            "password": "Teste@123",
            "administrador": "false",
            "_id": "zJE544dmcNiNdePB"
        },
        {
            "nome": "k6 Load User 7_27_1786224537097",
            "email": "k6_7_27_1786224537097@teste.com",
            "password": "Teste@123",
            "administrador": "false",
            "_id": "zRyKQnsyToV3nzr8"
        },
        {
            "nome": "k6 Load User 9_7_1786224507922",
            "email": "k6_9_7_1786224507922@teste.com",
            "password": "Teste@123",
            "administrador": "false",
            "_id": "zUEgKXGUOELmJndS"
        },
        {
            "nome": "k6 Load User 3_19_1786227995608",
            "email": "k6_3_19_1786227995608@teste.com",
            "password": "Teste@123",
            "administrador": "false",
            "_id": "zWQQHtwnqORYYRT9"
        },
        {
            "nome": "k6 Load User 12_9_1786224512243",
            "email": "k6_12_9_1786224512243@teste.com",
            "password": "Teste@123",
            "administrador": "false",
            "_id": "zWUKoEgBPRLQC4xd"
        },
        {
            "nome": "k6 Load User 5_7_1786227981534",
            "email": "k6_5_7_1786227981534@teste.com",
            "password": "Teste@123",
            "administrador": "false",
            "_id": "za5XJgjbITzL9xue"
        },
        {
            "nome": "k6 Load User 7_6_1786224515112",
            "email": "k6_7_6_1786224515112@teste.com",
            "password": "Teste@123",
            "administrador": "false",
            "_id": "zaGaIzHYDvMEOTt8"
        },
        {
            "nome": "k6 Load User 3_2_1786224498253",
            "email": "k6_3_2_1786224498253@teste.com",
            "password": "Teste@123",
            "administrador": "false",
            "_id": "zj9rpbvHNZUWqZid"
        },
        {
            "nome": "k6 Load User 7_12_1786224521393",
            "email": "k6_7_12_1786224521393@teste.com",
            "password": "Teste@123",
            "administrador": "false",
            "_id": "zkW0eypcSyTVRuw8"
        },
        {
            "nome": "k6 Load User 1_29_1786224524265",
            "email": "k6_1_29_1786224524265@teste.com",
            "password": "Teste@123",
            "administrador": "false",
            "_id": "zm3sNmaZOLR7kOXC"
        },
        {
            "nome": "k6 Load User 17_12_1786228011417",
            "email": "k6_17_12_1786228011417@teste.com",
            "password": "Teste@123",
            "administrador": "false",
            "_id": "zoqXv2CBuxAKZFFJ"
        },
        {
            "nome": "k6 Load User 5_13_1786224508657",
            "email": "k6_5_13_1786224508657@teste.com",
            "password": "Teste@123",
            "administrador": "false",
            "_id": "zukT0YmS1p1Wnl3t"
        },
        {
            "nome": "k6 Load User 6_37_1786228015993",
            "email": "k6_6_37_1786228015993@teste.com",
            "password": "Teste@123",
            "administrador": "false",
            "_id": "zvuujhhNAcqK0CL7"
        },
        {
            "nome": "k6 Load User 14_2_1786227991666",
            "email": "k6_14_2_1786227991666@teste.com",
            "password": "Teste@123",
            "administrador": "false",
            "_id": "zxB9vHNlJa1DZfB7"
        }
    ]
}

]]></system-out>
  </testcase>
  <testcase name="[2:14] POST /usuarios crea un usuario con datos válidos" classname="features/users/users" time="0.526">
    <system-out><![CDATA[18:08:30.537 [main] DEBUG com.intuit.karate - request:
1 > POST https://serverest.dev/usuarios
1 > Content-Type: application/json; charset=UTF-8
1 > Content-Length: 111
1 > Host: serverest.dev
1 > Connection: Keep-Alive
1 > User-Agent: Apache-HttpClient/4.5.14 (Java/17.0.16)
1 > Accept-Encoding: gzip,deflate
{"nome":"crud Automation","email":"crud-1786230510453@teste.com","password":"Teste@123","administrador":"true"}

18:08:30.955 [main] DEBUG com.intuit.karate - response time in milliseconds: 418
1 < 201
1 < access-control-allow-origin: *
1 < x-dns-prefetch-control: off
1 < x-frame-options: SAMEORIGIN
1 < strict-transport-security: max-age=15552000; includeSubDomains
1 < x-download-options: noopen
1 < x-content-type-options: nosniff
1 < x-xss-protection: 1; mode=block
1 < content-type: application/json; charset=utf-8
1 < x-cloud-trace-context: 2fd01f0d8bf54a0cac375d42e00d8258
1 < date: Sat, 08 Aug 2026 23:08:30 GMT
1 < server: Google Frontend
1 < Content-Length: 82
{
    "message": "Cadastro realizado com sucesso",
    "_id": "tYd0zQzvFarpyNjn"
}

]]></system-out>
  </testcase>
  <testcase name="[3:23] GET /usuarios/{_id} devuelve el usuario solicitado" classname="features/users/users" time="0.853">
    <system-out><![CDATA[18:08:30.968 [main] DEBUG com.intuit.karate - request:
1 > POST https://serverest.dev/usuarios
1 > Content-Type: application/json; charset=UTF-8
1 > Content-Length: 111
1 > Host: serverest.dev
1 > Connection: Keep-Alive
1 > User-Agent: Apache-HttpClient/4.5.14 (Java/17.0.16)
1 > Accept-Encoding: gzip,deflate
{"nome":"byid Automation","email":"byid-1786230510966@teste.com","password":"Teste@123","administrador":"true"}

18:08:31.382 [main] DEBUG com.intuit.karate - response time in milliseconds: 412
1 < 201
1 < access-control-allow-origin: *
1 < x-dns-prefetch-control: off
1 < x-frame-options: SAMEORIGIN
1 < strict-transport-security: max-age=15552000; includeSubDomains
1 < x-download-options: noopen
1 < x-content-type-options: nosniff
1 < x-xss-protection: 1; mode=block
1 < content-type: application/json; charset=utf-8
1 < x-cloud-trace-context: e4f0a5a5032f5640025d8dd1f9b30024
1 < date: Sat, 08 Aug 2026 23:08:31 GMT
1 < server: Google Frontend
1 < Content-Length: 82
{
    "message": "Cadastro realizado com sucesso",
    "_id": "UEEf2byNVtNWOYeV"
}

18:08:31.393 [main] DEBUG com.intuit.karate - request:
2 > GET https://serverest.dev/usuarios/UEEf2byNVtNWOYeV
2 > Host: serverest.dev
2 > Connection: Keep-Alive
2 > User-Agent: Apache-HttpClient/4.5.14 (Java/17.0.16)
2 > Accept-Encoding: gzip,deflate


18:08:31.808 [main] DEBUG com.intuit.karate - response time in milliseconds: 413
2 < 200
2 < access-control-allow-origin: *
2 < x-dns-prefetch-control: off
2 < x-frame-options: SAMEORIGIN
2 < strict-transport-security: max-age=15552000; includeSubDomains
2 < x-download-options: noopen
2 < x-content-type-options: nosniff
2 < x-xss-protection: 1; mode=block
2 < content-type: application/json; charset=utf-8
2 < x-cloud-trace-context: 29db6d3142e50d6ae1860a940379602c
2 < date: Sat, 08 Aug 2026 23:08:31 GMT
2 < server: Google Frontend
2 < Content-Length: 167
{
    "nome": "byid Automation",
    "email": "byid-1786230510966@teste.com",
    "password": "Teste@123",
    "administrador": "true",
    "_id": "UEEf2byNVtNWOYeV"
}

]]></system-out>
  </testcase>
  <testcase name="[4:40] PUT /usuarios/{_id} actualiza un usuario" classname="features/users/users" time="0.859">
    <system-out><![CDATA[18:08:31.821 [main] DEBUG com.intuit.karate - request:
1 > POST https://serverest.dev/usuarios
1 > Content-Type: application/json; charset=UTF-8
1 > Content-Length: 109
1 > Host: serverest.dev
1 > Connection: Keep-Alive
1 > User-Agent: Apache-HttpClient/4.5.14 (Java/17.0.16)
1 > Accept-Encoding: gzip,deflate
{"nome":"put Automation","email":"put-1786230511820@teste.com","password":"Teste@123","administrador":"true"}

18:08:32.259 [main] DEBUG com.intuit.karate - response time in milliseconds: 435
1 < 201
1 < access-control-allow-origin: *
1 < x-dns-prefetch-control: off
1 < x-frame-options: SAMEORIGIN
1 < strict-transport-security: max-age=15552000; includeSubDomains
1 < x-download-options: noopen
1 < x-content-type-options: nosniff
1 < x-xss-protection: 1; mode=block
1 < content-type: application/json; charset=utf-8
1 < x-cloud-trace-context: 3c0610129f6c79a5d79b1e3da30c066f
1 < date: Sat, 08 Aug 2026 23:08:32 GMT
1 < server: Google Frontend
1 < Content-Length: 82
{
    "message": "Cadastro realizado com sucesso",
    "_id": "fU3JY1d0sPsFID8H"
}

18:08:32.271 [main] DEBUG com.intuit.karate - request:
2 > PUT https://serverest.dev/usuarios/fU3JY1d0sPsFID8H
2 > Content-Type: application/json; charset=UTF-8
2 > Content-Length: 122
2 > Host: serverest.dev
2 > Connection: Keep-Alive
2 > User-Agent: Apache-HttpClient/4.5.14 (Java/17.0.16)
2 > Accept-Encoding: gzip,deflate
{"nome":"Usuario Actualizado","password":"NovaSenha@123","administrador":"false","email":"update-1786230512269@teste.com"}

18:08:32.670 [main] DEBUG com.intuit.karate - response time in milliseconds: 397
2 < 200
2 < access-control-allow-origin: *
2 < x-dns-prefetch-control: off
2 < x-frame-options: SAMEORIGIN
2 < strict-transport-security: max-age=15552000; includeSubDomains
2 < x-download-options: noopen
2 < x-content-type-options: nosniff
2 < x-xss-protection: 1; mode=block
2 < content-type: application/json; charset=utf-8
2 < x-cloud-trace-context: 486d97d2c6e108513bf768884edf6392
2 < date: Sat, 08 Aug 2026 23:08:32 GMT
2 < server: Google Frontend
2 < Content-Length: 50
{
    "message": "Registro alterado com sucesso"
}

]]></system-out>
  </testcase>
  <testcase name="[5:56] DELETE /usuarios/{_id} elimina un usuario" classname="features/users/users" time="2.04">
    <system-out><![CDATA[18:08:32.681 [main] DEBUG com.intuit.karate - request:
1 > POST https://serverest.dev/usuarios
1 > Content-Type: application/json; charset=UTF-8
1 > Content-Length: 115
1 > Host: serverest.dev
1 > Connection: Keep-Alive
1 > User-Agent: Apache-HttpClient/4.5.14 (Java/17.0.16)
1 > Accept-Encoding: gzip,deflate
{"nome":"delete Automation","email":"delete-1786230512679@teste.com","password":"Teste@123","administrador":"true"}

18:08:33.642 [main] DEBUG com.intuit.karate - response time in milliseconds: 960
1 < 201
1 < access-control-allow-origin: *
1 < x-dns-prefetch-control: off
1 < x-frame-options: SAMEORIGIN
1 < strict-transport-security: max-age=15552000; includeSubDomains
1 < x-download-options: noopen
1 < x-content-type-options: nosniff
1 < x-xss-protection: 1; mode=block
1 < content-type: application/json; charset=utf-8
1 < x-cloud-trace-context: c456f62877df906dc221961bb1d54d79
1 < date: Sat, 08 Aug 2026 23:08:33 GMT
1 < server: Google Frontend
1 < Content-Length: 82
{
    "message": "Cadastro realizado com sucesso",
    "_id": "6T1aq8isMfc9WpV1"
}

18:08:33.646 [main] DEBUG com.intuit.karate - request:
2 > DELETE https://serverest.dev/usuarios/6T1aq8isMfc9WpV1
2 > Host: serverest.dev
2 > Connection: Keep-Alive
2 > User-Agent: Apache-HttpClient/4.5.14 (Java/17.0.16)
2 > Accept-Encoding: gzip,deflate


18:08:34.046 [main] DEBUG com.intuit.karate - response time in milliseconds: 398
2 < 200
2 < access-control-allow-origin: *
2 < x-dns-prefetch-control: off
2 < x-frame-options: SAMEORIGIN
2 < strict-transport-security: max-age=15552000; includeSubDomains
2 < x-download-options: noopen
2 < x-content-type-options: nosniff
2 < x-xss-protection: 1; mode=block
2 < content-type: application/json; charset=utf-8
2 < x-cloud-trace-context: f18da7449ad55de35b4bfe660439a3b9
2 < date: Sat, 08 Aug 2026 23:08:33 GMT
2 < server: Google Frontend
2 < Content-Length: 51
{
    "message": "Registro excluído com sucesso"
}

---------------------------------------------------------
feature: classpath:features/users/users.feature
scenarios:  5 | passed:  5 | failed:  0 | time: 4.9526
---------------------------------------------------------

Karate version: 1.5.0
======================================================
elapsed:   6.66 | threads:    1 | thread time: 4.95 
features:     1 | skipped:    0 | efficiency: 0.74
scenarios:    5 | passed:     5 | failed: 0
======================================================

HTML report: (paste into browser to view) | Karate version: 1.5.0
file:///D:/jets/Automation/retostecnicos/Automatizacion-QA--BackEnd/target/karate-reports/karate-summary.html
===================================================================

]]></system-out>
  </testcase>
</testsuite>